Module loading...
Miscellaneous initializations...
Command-line processing...
[cmdline] Configuration
[cmdline] · Reproducibility      - enforced (seed 2)
[cmdline] · #workers             - 11
[cmdline] · #declared Byz.       - 5
[cmdline] · #actually Byz.       - 0
[cmdline] · Model               
[cmdline]   · Name      - simples-conv
[cmdline]   · Arguments - <none>
[cmdline] · Dataset             
[cmdline]   · Name       - mnist
[cmdline]   · Arguments  - <none>
[cmdline]   · Batch size
[cmdline]     · Training - 500
[cmdline]     · Testing  - 10 × 45
[cmdline]   · Transforms - default
[cmdline] · Loss                
[cmdline]   · Name           - nll
[cmdline]   · Arguments      - <none>
[cmdline]   · Regularization
[cmdline]     · l1 - none
[cmdline]     · l2 - none
[cmdline] · Criterion           
[cmdline]   · Name      - top-k
[cmdline]   · Arguments - <none>
[cmdline] · Optimizer           
[cmdline]   · Name          - sgd
[cmdline]   · Learning rate
[cmdline]     · Initial      - 0.01
[cmdline]     · Half-decay   - 5000
[cmdline]     · Update delta - 5000
[cmdline]   · Momentum      - 0.9
[cmdline]   · Dampening     - 0.0
[cmdline]   · Weight decay  - 0
[cmdline] · Attack              
[cmdline]   · Name      - nan
[cmdline]   · Arguments - <none>
[cmdline] · Aggregation         
[cmdline]   · Name      - average
[cmdline]   · Arguments - <none>
[cmdline] · Differential privacy
[cmdline]   · Enabled?       - no
[cmdline]   · ε constant     - n/a
[cmdline]   · δ constant     - n/a
[cmdline]   · l2-sensitivity - n/a
Experiment setup...
Training...
[training] Accuracy (step 0)... 9.11%.
[training] Training... done.
[training] Accuracy (step 50)... 87.56%.
[training] Training... done.
[training] Accuracy (step 100)... 93.33%.
[training] Training... done.
[training] Accuracy (step 150)... 96.00%.
[training] Training... done.
[training] Accuracy (step 200)... 95.56%.
[training] Training... done.
[training] Accuracy (step 250)... 96.67%.
[training] Training... done.
[training] Accuracy (step 300)... 97.78%.
[training] Training... done.
[training] Accuracy (step 350)... 98.89%.
[training] Training... done.
[training] Accuracy (step 400)... 98.00%.
[training] Training... done.
[training] Accuracy (step 450)... 96.89%.
[training] Training... done.
[training] Accuracy (step 500)... 98.22%.
[training] Training... done.
[training] Accuracy (step 550)... 99.33%.
[training] Training... done.
[training] Accuracy (step 600)... 99.11%.
[training] Training... done.
[training] Accuracy (step 650)... 98.89%.
[training] Training... done.
[training] Accuracy (step 700)... 98.44%.
[training] Training... done.
[training] Accuracy (step 750)... 99.78%.
[training] Training... done.
[training] Accuracy (step 800)... 99.78%.
[training] Training... done.
[training] Accuracy (step 850)... 99.78%.
[training] Training... done.
[training] Accuracy (step 900)... 99.78%.
[training] Training... done.
[training] Accuracy (step 950)... 100.00%.
[training] Training... done.
[training] Accuracy (step 1000)... 99.56%.
[perf] Gradient computation (per worker) - 82.3 s
[perf] Noise addition (per worker)       - 0 ns
[perf] Gradient aggregation              - 1.43 s
[perf] Model evaluation                  - 2.23 s
