Module loading...
Miscellaneous initializations...
Command-line processing...
[cmdline] Configuration
[cmdline] · Reproducibility      - enforced (seed 4)
[cmdline] · #workers             - 11
[cmdline] · #declared Byz.       - 5
[cmdline] · #actually Byz.       - 5
[cmdline] · Model               
[cmdline]   · Name      - simples-conv
[cmdline]   · Arguments - <none>
[cmdline] · Dataset             
[cmdline]   · Name       - mnist
[cmdline]   · Arguments  - <none>
[cmdline]   · Batch size
[cmdline]     · Training - 500
[cmdline]     · Testing  - 10 × 45
[cmdline]   · Transforms - default
[cmdline] · Loss                
[cmdline]   · Name           - nll
[cmdline]   · Arguments      - <none>
[cmdline]   · Regularization
[cmdline]     · l1 - none
[cmdline]     · l2 - none
[cmdline] · Criterion           
[cmdline]   · Name      - top-k
[cmdline]   · Arguments - <none>
[cmdline] · Optimizer           
[cmdline]   · Name          - sgd
[cmdline]   · Learning rate
[cmdline]     · Initial      - 0.01
[cmdline]     · Half-decay   - 5000
[cmdline]     · Update delta - 5000
[cmdline]   · Momentum      - 0.9
[cmdline]   · Dampening     - 0.0
[cmdline]   · Weight decay  - 0
[cmdline] · Attack              
[cmdline]   · Name      - empire
[cmdline]   · Arguments
[cmdline]     · factor - 1.1
[cmdline] · Aggregation         
[cmdline]   · Name      - brute
[cmdline]   · Arguments - <none>
[cmdline] · Differential privacy
[cmdline]   · Enabled?       - yes
[cmdline]   · ε constant     - 0.2
[cmdline]   · δ constant     - 1e-06
[cmdline]   · l2-sensitivity - 0.02
Experiment setup...
Training...
[training] Accuracy (step 0)... 11.56%.
[training] Training... done.
[training] Accuracy (step 50)... 53.11%.
[training] Training... done.
[training] Accuracy (step 100)... 63.11%.
[training] Training... done.
[training] Accuracy (step 150)... 65.33%.
[training] Training... done.
[training] Accuracy (step 200)... 60.44%.
[training] Training... done.
[training] Accuracy (step 250)... 64.67%.
[training] Training... done.
[training] Accuracy (step 300)... 68.44%.
[training] Training... done.
[training] Accuracy (step 350)... 74.22%.
[training] Training... done.
[training] Accuracy (step 400)... 72.44%.
[training] Training... done.
[training] Accuracy (step 450)... 70.00%.
[training] Training... done.
[training] Accuracy (step 500)... 73.33%.
[training] Training... done.
[training] Accuracy (step 550)... 78.44%.
[training] Training... done.
[training] Accuracy (step 600)... 83.33%.
[training] Training... done.
[training] Accuracy (step 650)... 80.44%.
[training] Training... done.
[training] Accuracy (step 700)... 85.78%.
[training] Training... done.
[training] Accuracy (step 750)... 86.00%.
[training] Training... done.
[training] Accuracy (step 800)... 84.22%.
[training] Training... done.
[training] Accuracy (step 850)... 84.89%.
[training] Training... done.
[training] Accuracy (step 900)... 83.33%.
[training] Training... done.
[training] Accuracy (step 950)... 94.44%.
[training] Training... done.
[training] Accuracy (step 1000)... 84.00%.
[perf] Gradient computation (per worker) - 95.3 s
[perf] Noise addition (per worker)       - 2.81 s
[perf] Gradient aggregation              - 9.67 s
[perf] Model evaluation                  - 2.13 s
