Module loading...
Miscellaneous initializations...
Command-line processing...
[cmdline] Configuration
[cmdline] · Reproducibility      - enforced (seed 3)
[cmdline] · #workers             - 11
[cmdline] · #declared Byz.       - 5
[cmdline] · #actually Byz.       - 0
[cmdline] · Model               
[cmdline]   · Name      - simples-conv
[cmdline]   · Arguments - <none>
[cmdline] · Dataset             
[cmdline]   · Name       - mnist
[cmdline]   · Arguments  - <none>
[cmdline]   · Batch size
[cmdline]     · Training - 100
[cmdline]     · Testing  - 10 × 45
[cmdline]   · Transforms - default
[cmdline] · Loss                
[cmdline]   · Name           - nll
[cmdline]   · Arguments      - <none>
[cmdline]   · Regularization
[cmdline]     · l1 - none
[cmdline]     · l2 - none
[cmdline] · Criterion           
[cmdline]   · Name      - top-k
[cmdline]   · Arguments - <none>
[cmdline] · Optimizer           
[cmdline]   · Name          - sgd
[cmdline]   · Learning rate
[cmdline]     · Initial      - 0.01
[cmdline]     · Half-decay   - 5000
[cmdline]     · Update delta - 5000
[cmdline]   · Momentum      - 0.9
[cmdline]   · Dampening     - 0.0
[cmdline]   · Weight decay  - 0
[cmdline] · Attack              
[cmdline]   · Name      - nan
[cmdline]   · Arguments - <none>
[cmdline] · Aggregation         
[cmdline]   · Name      - average
[cmdline]   · Arguments - <none>
[cmdline] · Differential privacy
[cmdline]   · Enabled?       - yes
[cmdline]   · ε constant     - 0.2
[cmdline]   · δ constant     - 1e-06
[cmdline]   · l2-sensitivity - 0.1
Experiment setup...
[setup] ========================= 431080
Training...
[training] Accuracy (step 0)... 6.44%.
[training] Training... done.
[training] Accuracy (step 50)... 52.44%.
[training] Training... done.
[training] Accuracy (step 100)... 45.56%.
[training] Training... done.
[training] Accuracy (step 150)... 60.22%.
[training] Training... done.
[training] Accuracy (step 200)... 55.56%.
[training] Training... done.
[training] Accuracy (step 250)... 66.89%.
[training] Training... done.
[training] Accuracy (step 300)... 67.56%.
[training] Training... done.
[training] Accuracy (step 350)... 67.33%.
[training] Training... done.
[training] Accuracy (step 400)... 70.00%.
[training] Training... done.
[training] Accuracy (step 450)... 64.67%.
[training] Training... done.
[training] Accuracy (step 500)... 72.22%.
[training] Training... done.
[training] Accuracy (step 550)... 79.11%.
[training] Training... done.
[training] Accuracy (step 600)... 79.33%.
[training] Training... done.
[training] Accuracy (step 650)... 79.56%.
[training] Training... done.
[training] Accuracy (step 700)... 81.56%.
[training] Training... done.
[training] Accuracy (step 750)... 80.67%.
[training] Training... done.
[training] Accuracy (step 800)... 82.89%.
[training] Training... done.
[training] Accuracy (step 850)... 80.44%.
[training] Training... done.
[training] Accuracy (step 900)... 76.00%.
[training] Training... done.
[training] Accuracy (step 950)... 89.33%.
[training] Training... done.
[training] Accuracy (step 1000)... 81.56%.
[perf] Gradient computation (per worker) - 16.2 s
[perf] Noise addition (per worker)       - 3.29 s
[perf] Gradient aggregation              - 1.03 s
[perf] Model evaluation                  - 2.13 s
