Module loading...
Miscellaneous initializations...
Command-line processing...
[cmdline] Configuration
[cmdline] · Reproducibility      - enforced (seed 5)
[cmdline] · #workers             - 11
[cmdline] · #declared Byz.       - 5
[cmdline] · #actually Byz.       - 5
[cmdline] · Model               
[cmdline]   · Name      - simples-logit
[cmdline]   · Arguments
[cmdline]     · din - 68
[cmdline] · Dataset             
[cmdline]   · Name       - svm-phishing
[cmdline]   · Arguments  - <none>
[cmdline]   · Batch size
[cmdline]     · Training - 10
[cmdline]     · Testing  - 10 × 45
[cmdline]   · Transforms - default
[cmdline] · Loss                
[cmdline]   · Name           - mse
[cmdline]   · Arguments      - <none>
[cmdline]   · Regularization
[cmdline]     · l1 - none
[cmdline]     · l2 - none
[cmdline] · Criterion           
[cmdline]   · Name      - sigmoid
[cmdline]   · Arguments - <none>
[cmdline] · Optimizer           
[cmdline]   · Name          - sgd
[cmdline]   · Learning rate
[cmdline]     · Initial      - 2.0
[cmdline]     · Half-decay   - 5000
[cmdline]     · Update delta - 5000
[cmdline]   · Momentum      - 0.99
[cmdline]   · Dampening     - 0.0
[cmdline]   · Weight decay  - 0
[cmdline] · Attack              
[cmdline]   · Name      - empire
[cmdline]   · Arguments
[cmdline]     · factor - 1.1
[cmdline] · Aggregation         
[cmdline]   · Name      - brute
[cmdline]   · Arguments - <none>
[cmdline] · Differential privacy
[cmdline]   · Enabled?       - no
[cmdline]   · ε constant     - n/a
[cmdline]   · δ constant     - n/a
[cmdline]   · l2-sensitivity - n/a
Experiment setup...
Training...
[training] Accuracy (step 0)... 56.67%.
[training] Training... done.
[training] Accuracy (step 50)... 88.44%.
[training] Training... done.
[training] Accuracy (step 100)... 60.89%.
[training] Training... done.
[training] Accuracy (step 150)... 87.11%.
[training] Training... done.
[training] Accuracy (step 200)... 88.89%.
[training] Training... done.
[training] Accuracy (step 250)... 84.89%.
[training] Training... done.
[training] Accuracy (step 300)... 82.44%.
[training] Training... done.
[training] Accuracy (step 350)... 89.11%.
[training] Training... done.
[training] Accuracy (step 400)... 84.44%.
[training] Training... done.
[training] Accuracy (step 450)... 87.11%.
[training] Training... done.
[training] Accuracy (step 500)... 88.67%.
[training] Training... done.
[training] Accuracy (step 550)... 91.56%.
[training] Training... done.
[training] Accuracy (step 600)... 89.11%.
[training] Training... done.
[training] Accuracy (step 650)... 89.56%.
[training] Training... done.
[training] Accuracy (step 700)... 92.22%.
[training] Training... done.
[training] Accuracy (step 750)... 85.56%.
[training] Training... done.
[training] Accuracy (step 800)... 87.33%.
[training] Training... done.
[training] Accuracy (step 850)... 89.11%.
[training] Training... done.
[training] Accuracy (step 900)... 85.56%.
[training] Training... done.
[training] Accuracy (step 950)... 87.78%.
[training] Training... done.
[training] Accuracy (step 1000)... 88.89%.
[perf] Gradient computation (per worker) - 226 ms
[perf] Noise addition (per worker)       - 0 ns
[perf] Gradient aggregation              - 2.84 s
[perf] Model evaluation                  - 81.6 ms
