Module loading...
Miscellaneous initializations...
Command-line processing...
[cmdline] Configuration
[cmdline] · Reproducibility      - enforced (seed 3)
[cmdline] · #workers             - 11
[cmdline] · #declared Byz.       - 5
[cmdline] · #actually Byz.       - 5
[cmdline] · Model               
[cmdline]   · Name      - simples-conv
[cmdline]   · Arguments - <none>
[cmdline] · Dataset             
[cmdline]   · Name       - mnist
[cmdline]   · Arguments  - <none>
[cmdline]   · Batch size
[cmdline]     · Training - 50
[cmdline]     · Testing  - 10 × 45
[cmdline]   · Transforms - default
[cmdline] · Loss                
[cmdline]   · Name           - nll
[cmdline]   · Arguments      - <none>
[cmdline]   · Regularization
[cmdline]     · l1 - none
[cmdline]     · l2 - none
[cmdline] · Criterion           
[cmdline]   · Name      - top-k
[cmdline]   · Arguments - <none>
[cmdline] · Optimizer           
[cmdline]   · Name          - sgd
[cmdline]   · Learning rate
[cmdline]     · Initial      - 0.01
[cmdline]     · Half-decay   - 5000
[cmdline]     · Update delta - 5000
[cmdline]   · Momentum      - 0.9
[cmdline]   · Dampening     - 0.0
[cmdline]   · Weight decay  - 0
[cmdline] · Attack              
[cmdline]   · Name      - little
[cmdline]   · Arguments
[cmdline]     · factor   - 1.5
[cmdline]     · negative - True
[cmdline] · Aggregation         
[cmdline]   · Name      - brute
[cmdline]   · Arguments - <none>
[cmdline] · Differential privacy
[cmdline]   · Enabled?       - no
[cmdline]   · ε constant     - n/a
[cmdline]   · δ constant     - n/a
[cmdline]   · l2-sensitivity - n/a
Experiment setup...
[setup] ========================= 431080
Training...
[training] Accuracy (step 0)... 6.44%.
[training] Training... done.
[training] Accuracy (step 50)... 36.00%.
[training] Training... done.
[training] Accuracy (step 100)... 67.78%.
[training] Training... done.
[training] Accuracy (step 150)... 73.56%.
[training] Training... done.
[training] Accuracy (step 200)... 70.22%.
[training] Training... done.
[training] Accuracy (step 250)... 72.67%.
[training] Training... done.
[training] Accuracy (step 300)... 67.33%.
[training] Training... done.
[training] Accuracy (step 350)... 72.67%.
[training] Training... done.
[training] Accuracy (step 400)... 71.78%.
[training] Training... done.
[training] Accuracy (step 450)... 86.00%.
[training] Training... done.
[training] Accuracy (step 500)... 73.78%.
[training] Training... done.
[training] Accuracy (step 550)... 73.78%.
[training] Training... done.
[training] Accuracy (step 600)... 66.89%.
[training] Training... done.
[training] Accuracy (step 650)... 73.11%.
[training] Training... done.
[training] Accuracy (step 700)... 71.11%.
[training] Training... done.
[training] Accuracy (step 750)... 88.67%.
[training] Training... done.
[training] Accuracy (step 800)... 79.56%.
[training] Training... done.
[training] Accuracy (step 850)... 79.33%.
[training] Training... done.
[training] Accuracy (step 900)... 81.33%.
[training] Training... done.
[training] Accuracy (step 950)... 88.89%.
[training] Training... done.
[training] Accuracy (step 1000)... 82.00%.
[perf] Gradient computation (per worker) - 10.1 s
[perf] Noise addition (per worker)       - 0 ns
[perf] Gradient aggregation              - 9.2 s
[perf] Model evaluation                  - 2.14 s
