Module loading...
Miscellaneous initializations...
Command-line processing...
[cmdline] Configuration
[cmdline] · Reproducibility      - enforced (seed 2)
[cmdline] · #workers             - 11
[cmdline] · #declared Byz.       - 5
[cmdline] · #actually Byz.       - 5
[cmdline] · Model               
[cmdline]   · Name      - simples-conv
[cmdline]   · Arguments - <none>
[cmdline] · Dataset             
[cmdline]   · Name       - mnist
[cmdline]   · Arguments  - <none>
[cmdline]   · Batch size
[cmdline]     · Training - 100
[cmdline]     · Testing  - 10 × 45
[cmdline]   · Transforms - default
[cmdline] · Loss                
[cmdline]   · Name           - nll
[cmdline]   · Arguments      - <none>
[cmdline]   · Regularization
[cmdline]     · l1 - none
[cmdline]     · l2 - none
[cmdline] · Criterion           
[cmdline]   · Name      - top-k
[cmdline]   · Arguments - <none>
[cmdline] · Optimizer           
[cmdline]   · Name          - sgd
[cmdline]   · Learning rate
[cmdline]     · Initial      - 0.01
[cmdline]     · Half-decay   - 5000
[cmdline]     · Update delta - 5000
[cmdline]   · Momentum      - 0.9
[cmdline]   · Dampening     - 0.0
[cmdline]   · Weight decay  - 0
[cmdline] · Attack              
[cmdline]   · Name      - empire
[cmdline]   · Arguments
[cmdline]     · factor - 1.1
[cmdline] · Aggregation         
[cmdline]   · Name      - brute
[cmdline]   · Arguments - <none>
[cmdline] · Differential privacy
[cmdline]   · Enabled?       - no
[cmdline]   · ε constant     - n/a
[cmdline]   · δ constant     - n/a
[cmdline]   · l2-sensitivity - n/a
Experiment setup...
[setup] ========================= 431080
Training...
[training] Accuracy (step 0)... 9.11%.
[training] Training... done.
[training] Accuracy (step 50)... 31.56%.
[training] Training... done.
[training] Accuracy (step 100)... 37.33%.
[training] Training... done.
[training] Accuracy (step 150)... 56.22%.
[training] Training... done.
[training] Accuracy (step 200)... 68.44%.
[training] Training... done.
[training] Accuracy (step 250)... 78.00%.
[training] Training... done.
[training] Accuracy (step 300)... 89.11%.
[training] Training... done.
[training] Accuracy (step 350)... 86.00%.
[training] Training... done.
[training] Accuracy (step 400)... 84.22%.
[training] Training... done.
[training] Accuracy (step 450)... 89.33%.
[training] Training... done.
[training] Accuracy (step 500)... 91.78%.
[training] Training... done.
[training] Accuracy (step 550)... 93.33%.
[training] Training... done.
[training] Accuracy (step 600)... 94.89%.
[training] Training... done.
[training] Accuracy (step 650)... 92.89%.
[training] Training... done.
[training] Accuracy (step 700)... 92.89%.
[training] Training... done.
[training] Accuracy (step 750)... 95.33%.
[training] Training... done.
[training] Accuracy (step 800)... 95.33%.
[training] Training... done.
[training] Accuracy (step 850)... 97.56%.
[training] Training... done.
[training] Accuracy (step 900)... 97.56%.
[training] Training... done.
[training] Accuracy (step 950)... 99.11%.
[training] Training... done.
[training] Accuracy (step 1000)... 97.33%.
[perf] Gradient computation (per worker) - 15.8 s
[perf] Noise addition (per worker)       - 0 ns
[perf] Gradient aggregation              - 10.6 s
[perf] Model evaluation                  - 2.14 s
