Module loading...
Miscellaneous initializations...
Command-line processing...
[cmdline] Configuration
[cmdline] · Reproducibility      - enforced (seed 4)
[cmdline] · #workers             - 11
[cmdline] · #declared Byz.       - 5
[cmdline] · #actually Byz.       - 5
[cmdline] · Model               
[cmdline]   · Name      - simples-conv
[cmdline]   · Arguments - <none>
[cmdline] · Dataset             
[cmdline]   · Name       - mnist
[cmdline]   · Arguments  - <none>
[cmdline]   · Batch size
[cmdline]     · Training - 10
[cmdline]     · Testing  - 10 × 45
[cmdline]   · Transforms - default
[cmdline] · Loss                
[cmdline]   · Name           - nll
[cmdline]   · Arguments      - <none>
[cmdline]   · Regularization
[cmdline]     · l1 - none
[cmdline]     · l2 - none
[cmdline] · Criterion           
[cmdline]   · Name      - top-k
[cmdline]   · Arguments - <none>
[cmdline] · Optimizer           
[cmdline]   · Name          - sgd
[cmdline]   · Learning rate
[cmdline]     · Initial      - 0.01
[cmdline]     · Half-decay   - 5000
[cmdline]     · Update delta - 5000
[cmdline]   · Momentum      - 0.9
[cmdline]   · Dampening     - 0.0
[cmdline]   · Weight decay  - 0
[cmdline] · Attack              
[cmdline]   · Name      - empire
[cmdline]   · Arguments
[cmdline]     · factor - 1.1
[cmdline] · Aggregation         
[cmdline]   · Name      - brute
[cmdline]   · Arguments - <none>
[cmdline] · Differential privacy
[cmdline]   · Enabled?       - no
[cmdline]   · ε constant     - n/a
[cmdline]   · δ constant     - n/a
[cmdline]   · l2-sensitivity - n/a
Experiment setup...
[setup] ========================= 431080
Training...
[training] Accuracy (step 0)... 11.56%.
[training] Training... done.
[training] Accuracy (step 50)... 18.00%.
[training] Training... done.
[training] Accuracy (step 100)... 33.33%.
[training] Training... done.
[training] Accuracy (step 150)... 59.78%.
[training] Training... done.
[training] Accuracy (step 200)... 63.33%.
[training] Training... done.
[training] Accuracy (step 250)... 68.67%.
[training] Training... done.
[training] Accuracy (step 300)... 72.89%.
[training] Training... done.
[training] Accuracy (step 350)... 73.56%.
[training] Training... done.
[training] Accuracy (step 400)... 69.11%.
[training] Training... done.
[training] Accuracy (step 450)... 73.33%.
[training] Training... done.
[training] Accuracy (step 500)... 80.00%.
[training] Training... done.
[training] Accuracy (step 550)... 75.56%.
[training] Training... done.
[training] Accuracy (step 600)... 74.89%.
[training] Training... done.
[training] Accuracy (step 650)... 76.22%.
[training] Training... done.
[training] Accuracy (step 700)... 82.22%.
[training] Training... done.
[training] Accuracy (step 750)... 84.44%.
[training] Training... done.
[training] Accuracy (step 800)... 80.44%.
[training] Training... done.
[training] Accuracy (step 850)... 75.78%.
[training] Training... done.
[training] Accuracy (step 900)... 85.56%.
[training] Training... done.
[training] Accuracy (step 950)... 85.33%.
[training] Training... done.
[training] Accuracy (step 1000)... 82.89%.
[perf] Gradient computation (per worker) - 3.25 s
[perf] Noise addition (per worker)       - 0 ns
[perf] Gradient aggregation              - 8.92 s
[perf] Model evaluation                  - 2.18 s
