Module loading...
Miscellaneous initializations...
Command-line processing...
[cmdline] Configuration
[cmdline] · Reproducibility      - enforced (seed 5)
[cmdline] · #workers             - 11
[cmdline] · #declared Byz.       - 5
[cmdline] · #actually Byz.       - 0
[cmdline] · Model               
[cmdline]   · Name      - simples-logit
[cmdline]   · Arguments
[cmdline]     · din - 68
[cmdline] · Dataset             
[cmdline]   · Name       - svm-phishing
[cmdline]   · Arguments  - <none>
[cmdline]   · Batch size
[cmdline]     · Training - 10
[cmdline]     · Testing  - 10 × 45
[cmdline]   · Transforms - default
[cmdline] · Loss                
[cmdline]   · Name           - mse
[cmdline]   · Arguments      - <none>
[cmdline]   · Regularization
[cmdline]     · l1 - none
[cmdline]     · l2 - none
[cmdline] · Criterion           
[cmdline]   · Name      - sigmoid
[cmdline]   · Arguments - <none>
[cmdline] · Optimizer           
[cmdline]   · Name          - sgd
[cmdline]   · Learning rate
[cmdline]     · Initial      - 2.0
[cmdline]     · Half-decay   - 5000
[cmdline]     · Update delta - 5000
[cmdline]   · Momentum      - 0.99
[cmdline]   · Dampening     - 0.0
[cmdline]   · Weight decay  - 0
[cmdline] · Attack              
[cmdline]   · Name      - nan
[cmdline]   · Arguments - <none>
[cmdline] · Aggregation         
[cmdline]   · Name      - average
[cmdline]   · Arguments - <none>
[cmdline] · Differential privacy
[cmdline]   · Enabled?       - yes
[cmdline]   · ε constant     - 0.2
[cmdline]   · δ constant     - 1e-06
[cmdline]   · l2-sensitivity - 0.002
Experiment setup...
Training...
[training] Accuracy (step 0)... 56.67%.
[training] Training... done.
[training] Accuracy (step 50)... 82.44%.
[training] Training... done.
[training] Accuracy (step 100)... 80.00%.
[training] Training... done.
[training] Accuracy (step 150)... 72.67%.
[training] Training... done.
[training] Accuracy (step 200)... 73.11%.
[training] Training... done.
[training] Accuracy (step 250)... 68.67%.
[training] Training... done.
[training] Accuracy (step 300)... 72.89%.
[training] Training... done.
[training] Accuracy (step 350)... 66.89%.
[training] Training... done.
[training] Accuracy (step 400)... 70.89%.
[training] Training... done.
[training] Accuracy (step 450)... 65.78%.
[training] Training... done.
[training] Accuracy (step 500)... 66.89%.
[training] Training... done.
[training] Accuracy (step 550)... 63.11%.
[training] Training... done.
[training] Accuracy (step 600)... 58.89%.
[training] Training... done.
[training] Accuracy (step 650)... 60.00%.
[training] Training... done.
[training] Accuracy (step 700)... 63.33%.
[training] Training... done.
[training] Accuracy (step 750)... 58.89%.
[training] Training... done.
[training] Accuracy (step 800)... 63.78%.
[training] Training... done.
[training] Accuracy (step 850)... 61.11%.
[training] Training... done.
[training] Accuracy (step 900)... 54.67%.
[training] Training... done.
[training] Accuracy (step 950)... 56.44%.
[training] Training... done.
[training] Accuracy (step 1000)... 60.00%.
[perf] Gradient computation (per worker) - 207 ms
[perf] Noise addition (per worker)       - 23 ms
[perf] Gradient aggregation              - 48.5 ms
[perf] Model evaluation                  - 79.1 ms
