Module loading...
Miscellaneous initializations...
Command-line processing...
[cmdline] Configuration
[cmdline] · Reproducibility      - enforced (seed 5)
[cmdline] · #workers             - 11
[cmdline] · #declared Byz.       - 5
[cmdline] · #actually Byz.       - 5
[cmdline] · Model               
[cmdline]   · Name      - simples-logit
[cmdline]   · Arguments
[cmdline]     · din - 68
[cmdline] · Dataset             
[cmdline]   · Name       - svm-phishing
[cmdline]   · Arguments  - <none>
[cmdline]   · Batch size
[cmdline]     · Training - 50
[cmdline]     · Testing  - 10 × 45
[cmdline]   · Transforms - default
[cmdline] · Loss                
[cmdline]   · Name           - mse
[cmdline]   · Arguments      - <none>
[cmdline]   · Regularization
[cmdline]     · l1 - none
[cmdline]     · l2 - none
[cmdline] · Criterion           
[cmdline]   · Name      - sigmoid
[cmdline]   · Arguments - <none>
[cmdline] · Optimizer           
[cmdline]   · Name          - sgd
[cmdline]   · Learning rate
[cmdline]     · Initial      - 2.0
[cmdline]     · Half-decay   - 5000
[cmdline]     · Update delta - 5000
[cmdline]   · Momentum      - 0.99
[cmdline]   · Dampening     - 0.0
[cmdline]   · Weight decay  - 0
[cmdline] · Attack              
[cmdline]   · Name      - empire
[cmdline]   · Arguments
[cmdline]     · factor - 1.1
[cmdline] · Aggregation         
[cmdline]   · Name      - brute
[cmdline]   · Arguments - <none>
[cmdline] · Differential privacy
[cmdline]   · Enabled?       - yes
[cmdline]   · ε constant     - 0.2
[cmdline]   · δ constant     - 1e-06
[cmdline]   · l2-sensitivity - 0.0004
Experiment setup...
[setup] ========================= 69
Training...
[training] Accuracy (step 0)... 56.67%.
[training] Training... done.
[training] Accuracy (step 50)... 57.56%.
[training] Training... done.
[training] Accuracy (step 100)... 77.33%.
[training] Training... done.
[training] Accuracy (step 150)... 68.89%.
[training] Training... done.
[training] Accuracy (step 200)... 66.89%.
[training] Training... done.
[training] Accuracy (step 250)... 60.44%.
[training] Training... done.
[training] Accuracy (step 300)... 65.11%.
[training] Training... done.
[training] Accuracy (step 350)... 69.56%.
[training] Training... done.
[training] Accuracy (step 400)... 57.33%.
[training] Training... done.
[training] Accuracy (step 450)... 62.22%.
[training] Training... done.
[training] Accuracy (step 500)... 65.33%.
[training] Training... done.
[training] Accuracy (step 550)... 71.56%.
[training] Training... done.
[training] Accuracy (step 600)... 67.56%.
[training] Training... done.
[training] Accuracy (step 650)... 72.22%.
[training] Training... done.
[training] Accuracy (step 700)... 77.11%.
[training] Training... done.
[training] Accuracy (step 750)... 74.22%.
[training] Training... done.
[training] Accuracy (step 800)... 76.00%.
[training] Training... done.
[training] Accuracy (step 850)... 76.44%.
[training] Training... done.
[training] Accuracy (step 900)... 74.22%.
[training] Training... done.
[training] Accuracy (step 950)... 76.67%.
[training] Training... done.
[training] Accuracy (step 1000)... 78.89%.
[perf] Gradient computation (per worker) - 238 ms
[perf] Noise addition (per worker)       - 27.3 ms
[perf] Gradient aggregation              - 2.72 s
[perf] Model evaluation                  - 83 ms
