Module loading...
Miscellaneous initializations...
Command-line processing...
[cmdline] Configuration
[cmdline] · Reproducibility      - enforced (seed 5)
[cmdline] · #workers             - 11
[cmdline] · #declared Byz.       - 5
[cmdline] · #actually Byz.       - 5
[cmdline] · Model               
[cmdline]   · Name      - simples-conv
[cmdline]   · Arguments - <none>
[cmdline] · Dataset             
[cmdline]   · Name       - mnist
[cmdline]   · Arguments  - <none>
[cmdline]   · Batch size
[cmdline]     · Training - 500
[cmdline]     · Testing  - 10 × 45
[cmdline]   · Transforms - default
[cmdline] · Loss                
[cmdline]   · Name           - nll
[cmdline]   · Arguments      - <none>
[cmdline]   · Regularization
[cmdline]     · l1 - none
[cmdline]     · l2 - none
[cmdline] · Criterion           
[cmdline]   · Name      - top-k
[cmdline]   · Arguments - <none>
[cmdline] · Optimizer           
[cmdline]   · Name          - sgd
[cmdline]   · Learning rate
[cmdline]     · Initial      - 0.01
[cmdline]     · Half-decay   - 5000
[cmdline]     · Update delta - 5000
[cmdline]   · Momentum      - 0.9
[cmdline]   · Dampening     - 0.0
[cmdline]   · Weight decay  - 0
[cmdline] · Attack              
[cmdline]   · Name      - empire
[cmdline]   · Arguments
[cmdline]     · factor - 1.1
[cmdline] · Aggregation         
[cmdline]   · Name      - brute
[cmdline]   · Arguments - <none>
[cmdline] · Differential privacy
[cmdline]   · Enabled?       - no
[cmdline]   · ε constant     - n/a
[cmdline]   · δ constant     - n/a
[cmdline]   · l2-sensitivity - n/a
Experiment setup...
Training...
[training] Accuracy (step 0)... 9.11%.
[training] Training... done.
[training] Accuracy (step 50)... 83.56%.
[training] Training... done.
[training] Accuracy (step 100)... 89.78%.
[training] Training... done.
[training] Accuracy (step 150)... 91.78%.
[training] Training... done.
[training] Accuracy (step 200)... 92.22%.
[training] Training... done.
[training] Accuracy (step 250)... 92.89%.
[training] Training... done.
[training] Accuracy (step 300)... 95.33%.
[training] Training... done.
[training] Accuracy (step 350)... 93.78%.
[training] Training... done.
[training] Accuracy (step 400)... 92.00%.
[training] Training... done.
[training] Accuracy (step 450)... 92.67%.
[training] Training... done.
[training] Accuracy (step 500)... 94.44%.
[training] Training... done.
[training] Accuracy (step 550)... 97.78%.
[training] Training... done.
[training] Accuracy (step 600)... 97.56%.
[training] Training... done.
[training] Accuracy (step 650)... 94.89%.
[training] Training... done.
[training] Accuracy (step 700)... 97.78%.
[training] Training... done.
[training] Accuracy (step 750)... 98.89%.
[training] Training... done.
[training] Accuracy (step 800)... 98.22%.
[training] Training... done.
[training] Accuracy (step 850)... 98.00%.
[training] Training... done.
[training] Accuracy (step 900)... 98.67%.
[training] Training... done.
[training] Accuracy (step 950)... 100.00%.
[training] Training... done.
[training] Accuracy (step 1000)... 98.44%.
[perf] Gradient computation (per worker) - 78.2 s
[perf] Noise addition (per worker)       - 0 ns
[perf] Gradient aggregation              - 10.6 s
[perf] Model evaluation                  - 2.21 s
