Module loading...
Miscellaneous initializations...
Command-line processing...
[cmdline] Configuration
[cmdline] · Reproducibility      - enforced (seed 2)
[cmdline] · #workers             - 11
[cmdline] · #declared Byz.       - 5
[cmdline] · #actually Byz.       - 5
[cmdline] · Model               
[cmdline]   · Name      - simples-logit
[cmdline]   · Arguments
[cmdline]     · din - 68
[cmdline] · Dataset             
[cmdline]   · Name       - svm-phishing
[cmdline]   · Arguments  - <none>
[cmdline]   · Batch size
[cmdline]     · Training - 100
[cmdline]     · Testing  - 10 × 45
[cmdline]   · Transforms - default
[cmdline] · Loss                
[cmdline]   · Name           - mse
[cmdline]   · Arguments      - <none>
[cmdline]   · Regularization
[cmdline]     · l1 - none
[cmdline]     · l2 - none
[cmdline] · Criterion           
[cmdline]   · Name      - sigmoid
[cmdline]   · Arguments - <none>
[cmdline] · Optimizer           
[cmdline]   · Name          - sgd
[cmdline]   · Learning rate
[cmdline]     · Initial      - 2.0
[cmdline]     · Half-decay   - 5000
[cmdline]     · Update delta - 5000
[cmdline]   · Momentum      - 0.99
[cmdline]   · Dampening     - 0.0
[cmdline]   · Weight decay  - 0
[cmdline] · Attack              
[cmdline]   · Name      - empire
[cmdline]   · Arguments
[cmdline]     · factor - 1.1
[cmdline] · Aggregation         
[cmdline]   · Name      - brute
[cmdline]   · Arguments - <none>
[cmdline] · Differential privacy
[cmdline]   · Enabled?       - yes
[cmdline]   · ε constant     - 0.2
[cmdline]   · δ constant     - 1e-06
[cmdline]   · l2-sensitivity - 0.0002
Experiment setup...
[setup] ========================= 69
Training...
[training] Accuracy (step 0)... 47.33%.
[training] Training... done.
[training] Accuracy (step 50)... 54.67%.
[training] Training... done.
[training] Accuracy (step 100)... 82.00%.
[training] Training... done.
[training] Accuracy (step 150)... 88.22%.
[training] Training... done.
[training] Accuracy (step 200)... 86.22%.
[training] Training... done.
[training] Accuracy (step 250)... 87.56%.
[training] Training... done.
[training] Accuracy (step 300)... 81.78%.
[training] Training... done.
[training] Accuracy (step 350)... 86.44%.
[training] Training... done.
[training] Accuracy (step 400)... 88.22%.
[training] Training... done.
[training] Accuracy (step 450)... 87.33%.
[training] Training... done.
[training] Accuracy (step 500)... 86.89%.
[training] Training... done.
[training] Accuracy (step 550)... 85.56%.
[training] Training... done.
[training] Accuracy (step 600)... 85.78%.
[training] Training... done.
[training] Accuracy (step 650)... 85.33%.
[training] Training... done.
[training] Accuracy (step 700)... 86.44%.
[training] Training... done.
[training] Accuracy (step 750)... 82.44%.
[training] Training... done.
[training] Accuracy (step 800)... 80.00%.
[training] Training... done.
[training] Accuracy (step 850)... 84.22%.
[training] Training... done.
[training] Accuracy (step 900)... 84.44%.
[training] Training... done.
[training] Accuracy (step 950)... 86.89%.
[training] Training... done.
[training] Accuracy (step 1000)... 87.33%.
[perf] Gradient computation (per worker) - 246 ms
[perf] Noise addition (per worker)       - 27.3 ms
[perf] Gradient aggregation              - 2.78 s
[perf] Model evaluation                  - 81.9 ms
