Module loading...
Miscellaneous initializations...
Command-line processing...
[cmdline] Configuration
[cmdline] · Reproducibility      - enforced (seed 1)
[cmdline] · #workers             - 11
[cmdline] · #declared Byz.       - 5
[cmdline] · #actually Byz.       - 5
[cmdline] · Model               
[cmdline]   · Name      - simples-conv
[cmdline]   · Arguments - <none>
[cmdline] · Dataset             
[cmdline]   · Name       - mnist
[cmdline]   · Arguments  - <none>
[cmdline]   · Batch size
[cmdline]     · Training - 500
[cmdline]     · Testing  - 10 × 45
[cmdline]   · Transforms - default
[cmdline] · Loss                
[cmdline]   · Name           - nll
[cmdline]   · Arguments      - <none>
[cmdline]   · Regularization
[cmdline]     · l1 - none
[cmdline]     · l2 - none
[cmdline] · Criterion           
[cmdline]   · Name      - top-k
[cmdline]   · Arguments - <none>
[cmdline] · Optimizer           
[cmdline]   · Name          - sgd
[cmdline]   · Learning rate
[cmdline]     · Initial      - 0.01
[cmdline]     · Half-decay   - 5000
[cmdline]     · Update delta - 5000
[cmdline]   · Momentum      - 0.9
[cmdline]   · Dampening     - 0.0
[cmdline]   · Weight decay  - 0
[cmdline] · Attack              
[cmdline]   · Name      - little
[cmdline]   · Arguments
[cmdline]     · factor   - 1.5
[cmdline]     · negative - True
[cmdline] · Aggregation         
[cmdline]   · Name      - brute
[cmdline]   · Arguments - <none>
[cmdline] · Differential privacy
[cmdline]   · Enabled?       - no
[cmdline]   · ε constant     - n/a
[cmdline]   · δ constant     - n/a
[cmdline]   · l2-sensitivity - n/a
Experiment setup...
Training...
[training] Accuracy (step 0)... 7.56%.
[training] Training... done.
[training] Accuracy (step 50)... 72.89%.
[training] Training... done.
[training] Accuracy (step 100)... 64.67%.
[training] Training... done.
[training] Accuracy (step 150)... 86.67%.
[training] Training... done.
[training] Accuracy (step 200)... 84.89%.
[training] Training... done.
[training] Accuracy (step 250)... 89.78%.
[training] Training... done.
[training] Accuracy (step 300)... 91.56%.
[training] Training... done.
[training] Accuracy (step 350)... 83.11%.
[training] Training... done.
[training] Accuracy (step 400)... 85.56%.
[training] Training... done.
[training] Accuracy (step 450)... 86.89%.
[training] Training... done.
[training] Accuracy (step 500)... 79.11%.
[training] Training... done.
[training] Accuracy (step 550)... 83.33%.
[training] Training... done.
[training] Accuracy (step 600)... 91.78%.
[training] Training... done.
[training] Accuracy (step 650)... 88.00%.
[training] Training... done.
[training] Accuracy (step 700)... 95.56%.
[training] Training... done.
[training] Accuracy (step 750)... 94.22%.
[training] Training... done.
[training] Accuracy (step 800)... 84.67%.
[training] Training... done.
[training] Accuracy (step 850)... 88.00%.
[training] Training... done.
[training] Accuracy (step 900)... 93.33%.
[training] Training... done.
[training] Accuracy (step 950)... 96.89%.
[training] Training... done.
[training] Accuracy (step 1000)... 94.67%.
[perf] Gradient computation (per worker) - 84.6 s
[perf] Noise addition (per worker)       - 0 ns
[perf] Gradient aggregation              - 9.8 s
[perf] Model evaluation                  - 2.13 s
