Module loading...
Miscellaneous initializations...
Command-line processing...
[cmdline] Configuration
[cmdline] · Reproducibility      - enforced (seed 1)
[cmdline] · #workers             - 11
[cmdline] · #declared Byz.       - 5
[cmdline] · #actually Byz.       - 5
[cmdline] · Model               
[cmdline]   · Name      - simples-conv
[cmdline]   · Arguments - <none>
[cmdline] · Dataset             
[cmdline]   · Name       - mnist
[cmdline]   · Arguments  - <none>
[cmdline]   · Batch size
[cmdline]     · Training - 100
[cmdline]     · Testing  - 10 × 45
[cmdline]   · Transforms - default
[cmdline] · Loss                
[cmdline]   · Name           - nll
[cmdline]   · Arguments      - <none>
[cmdline]   · Regularization
[cmdline]     · l1 - none
[cmdline]     · l2 - none
[cmdline] · Criterion           
[cmdline]   · Name      - top-k
[cmdline]   · Arguments - <none>
[cmdline] · Optimizer           
[cmdline]   · Name          - sgd
[cmdline]   · Learning rate
[cmdline]     · Initial      - 0.01
[cmdline]     · Half-decay   - 5000
[cmdline]     · Update delta - 5000
[cmdline]   · Momentum      - 0.9
[cmdline]   · Dampening     - 0.0
[cmdline]   · Weight decay  - 0
[cmdline] · Attack              
[cmdline]   · Name      - empire
[cmdline]   · Arguments
[cmdline]     · factor - 1.1
[cmdline] · Aggregation         
[cmdline]   · Name      - brute
[cmdline]   · Arguments - <none>
[cmdline] · Differential privacy
[cmdline]   · Enabled?       - yes
[cmdline]   · ε constant     - 0.2
[cmdline]   · δ constant     - 1e-06
[cmdline]   · l2-sensitivity - 0.1
Experiment setup...
[setup] ========================= 431080
Training...
[training] Accuracy (step 0)... 7.56%.
[training] Training... done.
[training] Accuracy (step 50)... 13.11%.
[training] Training... done.
[training] Accuracy (step 100)... 10.44%.
[training] Training... done.
[training] Accuracy (step 150)... 12.44%.
[training] Training... done.
[training] Accuracy (step 200)... 10.00%.
[training] Training... done.
[training] Accuracy (step 250)... 16.89%.
[training] Training... done.
[training] Accuracy (step 300)... 23.33%.
[training] Training... done.
[training] Accuracy (step 350)... 24.67%.
[training] Training... done.
[training] Accuracy (step 400)... 17.56%.
[training] Training... done.
[training] Accuracy (step 450)... 22.00%.
[training] Training... done.
[training] Accuracy (step 500)... 19.56%.
[training] Training... done.
[training] Accuracy (step 550)... 19.11%.
[training] Training... done.
[training] Accuracy (step 600)... 31.11%.
[training] Training... done.
[training] Accuracy (step 650)... 26.67%.
[training] Training... done.
[training] Accuracy (step 700)... 24.67%.
[training] Training... done.
[training] Accuracy (step 750)... 31.56%.
[training] Training... done.
[training] Accuracy (step 800)... 27.33%.
[training] Training... done.
[training] Accuracy (step 850)... 36.00%.
[training] Training... done.
[training] Accuracy (step 900)... 26.44%.
[training] Training... done.
[training] Accuracy (step 950)... 38.67%.
[training] Training... done.
[training] Accuracy (step 1000)... 28.67%.
[perf] Gradient computation (per worker) - 15.9 s
[perf] Noise addition (per worker)       - 3.14 s
[perf] Gradient aggregation              - 9.7 s
[perf] Model evaluation                  - 2.14 s
