Module loading...
Miscellaneous initializations...
Command-line processing...
[cmdline] Configuration
[cmdline] · Reproducibility      - enforced (seed 2)
[cmdline] · #workers             - 11
[cmdline] · #declared Byz.       - 5
[cmdline] · #actually Byz.       - 5
[cmdline] · Model               
[cmdline]   · Name      - simples-conv
[cmdline]   · Arguments - <none>
[cmdline] · Dataset             
[cmdline]   · Name       - mnist
[cmdline]   · Arguments  - <none>
[cmdline]   · Batch size
[cmdline]     · Training - 100
[cmdline]     · Testing  - 10 × 45
[cmdline]   · Transforms - default
[cmdline] · Loss                
[cmdline]   · Name           - nll
[cmdline]   · Arguments      - <none>
[cmdline]   · Regularization
[cmdline]     · l1 - none
[cmdline]     · l2 - none
[cmdline] · Criterion           
[cmdline]   · Name      - top-k
[cmdline]   · Arguments - <none>
[cmdline] · Optimizer           
[cmdline]   · Name          - sgd
[cmdline]   · Learning rate
[cmdline]     · Initial      - 0.01
[cmdline]     · Half-decay   - 5000
[cmdline]     · Update delta - 5000
[cmdline]   · Momentum      - 0.9
[cmdline]   · Dampening     - 0.0
[cmdline]   · Weight decay  - 0
[cmdline] · Attack              
[cmdline]   · Name      - little
[cmdline]   · Arguments
[cmdline]     · factor   - 1.5
[cmdline]     · negative - True
[cmdline] · Aggregation         
[cmdline]   · Name      - brute
[cmdline]   · Arguments - <none>
[cmdline] · Differential privacy
[cmdline]   · Enabled?       - yes
[cmdline]   · ε constant     - 0.2
[cmdline]   · δ constant     - 1e-06
[cmdline]   · l2-sensitivity - 0.1
Experiment setup...
[setup] ========================= 431080
Training...
[training] Accuracy (step 0)... 9.11%.
[training] Training... done.
[training] Accuracy (step 50)... 38.67%.
[training] Training... done.
[training] Accuracy (step 100)... 34.44%.
[training] Training... done.
[training] Accuracy (step 150)... 43.78%.
[training] Training... done.
[training] Accuracy (step 200)... 40.89%.
[training] Training... done.
[training] Accuracy (step 250)... 57.11%.
[training] Training... done.
[training] Accuracy (step 300)... 57.33%.
[training] Training... done.
[training] Accuracy (step 350)... 59.33%.
[training] Training... done.
[training] Accuracy (step 400)... 62.67%.
[training] Training... done.
[training] Accuracy (step 450)... 60.89%.
[training] Training... done.
[training] Accuracy (step 500)... 63.11%.
[training] Training... done.
[training] Accuracy (step 550)... 73.11%.
[training] Training... done.
[training] Accuracy (step 600)... 71.11%.
[training] Training... done.
[training] Accuracy (step 650)... 69.33%.
[training] Training... done.
[training] Accuracy (step 700)... 68.22%.
[training] Training... done.
[training] Accuracy (step 750)... 76.67%.
[training] Training... done.
[training] Accuracy (step 800)... 73.11%.
[training] Training... done.
[training] Accuracy (step 850)... 68.89%.
[training] Training... done.
[training] Accuracy (step 900)... 74.00%.
[training] Training... done.
[training] Accuracy (step 950)... 84.44%.
[training] Training... done.
[training] Accuracy (step 1000)... 78.00%.
[perf] Gradient computation (per worker) - 16 s
[perf] Noise addition (per worker)       - 3.1 s
[perf] Gradient aggregation              - 9.27 s
[perf] Model evaluation                  - 2.11 s
