Module loading...
Miscellaneous initializations...
Command-line processing...
[cmdline] Configuration
[cmdline] · Reproducibility      - enforced (seed 2)
[cmdline] · #workers             - 11
[cmdline] · #declared Byz.       - 5
[cmdline] · #actually Byz.       - 0
[cmdline] · Model               
[cmdline]   · Name      - simples-conv
[cmdline]   · Arguments - <none>
[cmdline] · Dataset             
[cmdline]   · Name       - mnist
[cmdline]   · Arguments  - <none>
[cmdline]   · Batch size
[cmdline]     · Training - 50
[cmdline]     · Testing  - 10 × 45
[cmdline]   · Transforms - default
[cmdline] · Loss                
[cmdline]   · Name           - nll
[cmdline]   · Arguments      - <none>
[cmdline]   · Regularization
[cmdline]     · l1 - none
[cmdline]     · l2 - none
[cmdline] · Criterion           
[cmdline]   · Name      - top-k
[cmdline]   · Arguments - <none>
[cmdline] · Optimizer           
[cmdline]   · Name          - sgd
[cmdline]   · Learning rate
[cmdline]     · Initial      - 0.01
[cmdline]     · Half-decay   - 5000
[cmdline]     · Update delta - 5000
[cmdline]   · Momentum      - 0.9
[cmdline]   · Dampening     - 0.0
[cmdline]   · Weight decay  - 0
[cmdline] · Attack              
[cmdline]   · Name      - nan
[cmdline]   · Arguments - <none>
[cmdline] · Aggregation         
[cmdline]   · Name      - average
[cmdline]   · Arguments - <none>
[cmdline] · Differential privacy
[cmdline]   · Enabled?       - yes
[cmdline]   · ε constant     - 0.2
[cmdline]   · δ constant     - 1e-06
[cmdline]   · l2-sensitivity - 0.2
Experiment setup...
[setup] ========================= 431080
Training...
[training] Accuracy (step 0)... 9.11%.
[training] Training... done.
[training] Accuracy (step 50)... 25.78%.
[training] Training... done.
[training] Accuracy (step 100)... 16.89%.
[training] Training... done.
[training] Accuracy (step 150)... 26.67%.
[training] Training... done.
[training] Accuracy (step 200)... 27.33%.
[training] Training... done.
[training] Accuracy (step 250)... 42.89%.
[training] Training... done.
[training] Accuracy (step 300)... 42.44%.
[training] Training... done.
[training] Accuracy (step 350)... 45.11%.
[training] Training... done.
[training] Accuracy (step 400)... 33.11%.
[training] Training... done.
[training] Accuracy (step 450)... 46.22%.
[training] Training... done.
[training] Accuracy (step 500)... 49.78%.
[training] Training... done.
[training] Accuracy (step 550)... 52.00%.
[training] Training... done.
[training] Accuracy (step 600)... 57.78%.
[training] Training... done.
[training] Accuracy (step 650)... 54.89%.
[training] Training... done.
[training] Accuracy (step 700)... 59.56%.
[training] Training... done.
[training] Accuracy (step 750)... 60.67%.
[training] Training... done.
[training] Accuracy (step 800)... 57.56%.
[training] Training... done.
[training] Accuracy (step 850)... 58.22%.
[training] Training... done.
[training] Accuracy (step 900)... 62.00%.
[training] Training... done.
[training] Accuracy (step 950)... 70.67%.
[training] Training... done.
[training] Accuracy (step 1000)... 64.89%.
[perf] Gradient computation (per worker) - 9.03 s
[perf] Noise addition (per worker)       - 2.91 s
[perf] Gradient aggregation              - 979 ms
[perf] Model evaluation                  - 2.12 s
