Module loading...
Miscellaneous initializations...
Command-line processing...
[cmdline] Configuration
[cmdline] · Reproducibility      - enforced (seed 1)
[cmdline] · #workers             - 11
[cmdline] · #declared Byz.       - 5
[cmdline] · #actually Byz.       - 5
[cmdline] · Model               
[cmdline]   · Name      - simples-conv
[cmdline]   · Arguments - <none>
[cmdline] · Dataset             
[cmdline]   · Name       - mnist
[cmdline]   · Arguments  - <none>
[cmdline]   · Batch size
[cmdline]     · Training - 10
[cmdline]     · Testing  - 10 × 45
[cmdline]   · Transforms - default
[cmdline] · Loss                
[cmdline]   · Name           - nll
[cmdline]   · Arguments      - <none>
[cmdline]   · Regularization
[cmdline]     · l1 - none
[cmdline]     · l2 - none
[cmdline] · Criterion           
[cmdline]   · Name      - top-k
[cmdline]   · Arguments - <none>
[cmdline] · Optimizer           
[cmdline]   · Name          - sgd
[cmdline]   · Learning rate
[cmdline]     · Initial      - 0.01
[cmdline]     · Half-decay   - 5000
[cmdline]     · Update delta - 5000
[cmdline]   · Momentum      - 0.9
[cmdline]   · Dampening     - 0.0
[cmdline]   · Weight decay  - 0
[cmdline] · Attack              
[cmdline]   · Name      - empire
[cmdline]   · Arguments
[cmdline]     · factor - 1.1
[cmdline] · Aggregation         
[cmdline]   · Name      - brute
[cmdline]   · Arguments - <none>
[cmdline] · Differential privacy
[cmdline]   · Enabled?       - no
[cmdline]   · ε constant     - n/a
[cmdline]   · δ constant     - n/a
[cmdline]   · l2-sensitivity - n/a
Experiment setup...
[setup] ========================= 431080
Training...
[training] Accuracy (step 0)... 7.56%.
[training] Training... done.
[training] Accuracy (step 50)... 9.11%.
[training] Training... done.
[training] Accuracy (step 100)... 28.22%.
[training] Training... done.
[training] Accuracy (step 150)... 46.89%.
[training] Training... done.
[training] Accuracy (step 200)... 52.67%.
[training] Training... done.
[training] Accuracy (step 250)... 66.22%.
[training] Training... done.
[training] Accuracy (step 300)... 67.56%.
[training] Training... done.
[training] Accuracy (step 350)... 67.11%.
[training] Training... done.
[training] Accuracy (step 400)... 72.67%.
[training] Training... done.
[training] Accuracy (step 450)... 66.89%.
[training] Training... done.
[training] Accuracy (step 500)... 64.89%.
[training] Training... done.
[training] Accuracy (step 550)... 74.22%.
[training] Training... done.
[training] Accuracy (step 600)... 81.11%.
[training] Training... done.
[training] Accuracy (step 650)... 82.44%.
[training] Training... done.
[training] Accuracy (step 700)... 81.33%.
[training] Training... done.
[training] Accuracy (step 750)... 76.44%.
[training] Training... done.
[training] Accuracy (step 800)... 82.44%.
[training] Training... done.
[training] Accuracy (step 850)... 70.00%.
[training] Training... done.
[training] Accuracy (step 900)... 82.44%.
[training] Training... done.
[training] Accuracy (step 950)... 88.00%.
[training] Training... done.
[training] Accuracy (step 1000)... 82.44%.
[perf] Gradient computation (per worker) - 3.23 s
[perf] Noise addition (per worker)       - 0 ns
[perf] Gradient aggregation              - 8.94 s
[perf] Model evaluation                  - 2.19 s
