Module loading...
Miscellaneous initializations...
Command-line processing...
[cmdline] Configuration
[cmdline] · Reproducibility      - enforced (seed 1)
[cmdline] · #workers             - 11
[cmdline] · #declared Byz.       - 5
[cmdline] · #actually Byz.       - 0
[cmdline] · Model               
[cmdline]   · Name      - simples-logit
[cmdline]   · Arguments
[cmdline]     · din - 68
[cmdline] · Dataset             
[cmdline]   · Name       - svm-phishing
[cmdline]   · Arguments  - <none>
[cmdline]   · Batch size
[cmdline]     · Training - 10
[cmdline]     · Testing  - 59 × 45
[cmdline]   · Transforms - default
[cmdline] · Loss                
[cmdline]   · Name           - mse
[cmdline]   · Arguments      - <none>
[cmdline]   · Regularization
[cmdline]     · l1 - none
[cmdline]     · l2 - none
[cmdline] · Criterion           
[cmdline]   · Name      - sigmoid
[cmdline]   · Arguments - <none>
[cmdline] · Optimizer           
[cmdline]   · Name          - sgd
[cmdline]   · Learning rate
[cmdline]     · Initial      - 2.0
[cmdline]     · Half-decay   - 5000
[cmdline]     · Update delta - 5000
[cmdline]   · Momentum      - 0.99
[cmdline]   · Dampening     - 0.0
[cmdline]   · Weight decay  - 0
[cmdline] · Attack              
[cmdline]   · Name      - nan
[cmdline]   · Arguments - <none>
[cmdline] · Aggregation         
[cmdline]   · Name      - average
[cmdline]   · Arguments - <none>
[cmdline] · Differential privacy
[cmdline]   · Enabled?       - no
[cmdline]   · ε constant     - n/a
[cmdline]   · δ constant     - n/a
[cmdline]   · l2-sensitivity - n/a
Experiment setup...
Training...
[training] Accuracy (step 0)... 41.81%.
[training] Training... done.
[training] Accuracy (step 50)... 86.59%.
[training] Training... done.
[training] Accuracy (step 100)... 90.17%.
[training] Training... done.
[training] Accuracy (step 150)... 91.45%.
[training] Training... done.
[training] Accuracy (step 200)... 90.70%.
[training] Training... done.
[training] Accuracy (step 250)... 92.02%.
[training] Training... done.
[training] Accuracy (step 300)... 91.22%.
[training] Training... done.
[training] Accuracy (step 350)... 91.45%.
[training] Training... done.
[training] Accuracy (step 400)... 91.45%.
[training] Training... done.
[training] Accuracy (step 450)... 91.30%.
[training] Training... done.
[training] Accuracy (step 500)... 91.79%.
[training] Training... done.
[training] Accuracy (step 550)... 91.90%.
[training] Training... done.
[training] Accuracy (step 600)... 91.45%.
[training] Training... done.
[training] Accuracy (step 650)... 92.09%.
[training] Training... done.
[training] Accuracy (step 700)... 92.09%.
[training] Training... done.
[training] Accuracy (step 750)... 91.19%.
[training] Training... done.
[training] Accuracy (step 800)... 91.98%.
[training] Training... done.
[training] Accuracy (step 850)... 92.13%.
[training] Training... done.
[training] Accuracy (step 900)... 91.07%.
[training] Training... done.
[training] Accuracy (step 950)... 92.05%.
[training] Training... done.
[training] Accuracy (step 1000)... 92.20%.
[perf] Gradient computation (per worker) - 210 ms
[perf] Noise addition (per worker)       - 0 ns
[perf] Gradient aggregation              - 49.5 ms
[perf] Model evaluation                  - 83.9 ms
