Module loading...
Miscellaneous initializations...
Command-line processing...
[cmdline] Configuration
[cmdline] · Reproducibility      - enforced (seed 3)
[cmdline] · #workers             - 11
[cmdline] · #declared Byz.       - 5
[cmdline] · #actually Byz.       - 5
[cmdline] · Model               
[cmdline]   · Name      - simples-logit
[cmdline]   · Arguments
[cmdline]     · din - 68
[cmdline] · Dataset             
[cmdline]   · Name       - svm-phishing
[cmdline]   · Arguments  - <none>
[cmdline]   · Batch size
[cmdline]     · Training - 10
[cmdline]     · Testing  - 10 × 45
[cmdline]   · Transforms - default
[cmdline] · Loss                
[cmdline]   · Name           - mse
[cmdline]   · Arguments      - <none>
[cmdline]   · Regularization
[cmdline]     · l1 - none
[cmdline]     · l2 - none
[cmdline] · Criterion           
[cmdline]   · Name      - sigmoid
[cmdline]   · Arguments - <none>
[cmdline] · Optimizer           
[cmdline]   · Name          - sgd
[cmdline]   · Learning rate
[cmdline]     · Initial      - 2.0
[cmdline]     · Half-decay   - 5000
[cmdline]     · Update delta - 5000
[cmdline]   · Momentum      - 0.99
[cmdline]   · Dampening     - 0.0
[cmdline]   · Weight decay  - 0
[cmdline] · Attack              
[cmdline]   · Name      - little
[cmdline]   · Arguments
[cmdline]     · factor   - 1.5
[cmdline]     · negative - True
[cmdline] · Aggregation         
[cmdline]   · Name      - brute
[cmdline]   · Arguments - <none>
[cmdline] · Differential privacy
[cmdline]   · Enabled?       - no
[cmdline]   · ε constant     - n/a
[cmdline]   · δ constant     - n/a
[cmdline]   · l2-sensitivity - n/a
Experiment setup...
Training...
[training] Accuracy (step 0)... 41.56%.
[training] Training... done.
[training] Accuracy (step 50)... 65.33%.
[training] Training... done.
[training] Accuracy (step 100)... 64.89%.
[training] Training... done.
[training] Accuracy (step 150)... 75.33%.
[training] Training... done.
[training] Accuracy (step 200)... 81.33%.
[training] Training... done.
[training] Accuracy (step 250)... 77.56%.
[training] Training... done.
[training] Accuracy (step 300)... 76.22%.
[training] Training... done.
[training] Accuracy (step 350)... 72.89%.
[training] Training... done.
[training] Accuracy (step 400)... 76.00%.
[training] Training... done.
[training] Accuracy (step 450)... 74.89%.
[training] Training... done.
[training] Accuracy (step 500)... 73.56%.
[training] Training... done.
[training] Accuracy (step 550)... 66.44%.
[training] Training... done.
[training] Accuracy (step 600)... 73.33%.
[training] Training... done.
[training] Accuracy (step 650)... 66.22%.
[training] Training... done.
[training] Accuracy (step 700)... 59.33%.
[training] Training... done.
[training] Accuracy (step 750)... 61.78%.
[training] Training... done.
[training] Accuracy (step 800)... 66.89%.
[training] Training... done.
[training] Accuracy (step 850)... 62.44%.
[training] Training... done.
[training] Accuracy (step 900)... 56.00%.
[training] Training... done.
[training] Accuracy (step 950)... 54.67%.
[training] Training... done.
[training] Accuracy (step 1000)... 55.56%.
[perf] Gradient computation (per worker) - 216 ms
[perf] Noise addition (per worker)       - 0 ns
[perf] Gradient aggregation              - 2.64 s
[perf] Model evaluation                  - 77.8 ms
