Module loading...
Miscellaneous initializations...
Command-line processing...
[cmdline] Configuration
[cmdline] · Reproducibility      - enforced (seed 3)
[cmdline] · #workers             - 11
[cmdline] · #declared Byz.       - 5
[cmdline] · #actually Byz.       - 0
[cmdline] · Model               
[cmdline]   · Name      - simples-conv
[cmdline]   · Arguments - <none>
[cmdline] · Dataset             
[cmdline]   · Name       - mnist
[cmdline]   · Arguments  - <none>
[cmdline]   · Batch size
[cmdline]     · Training - 10
[cmdline]     · Testing  - 10 × 45
[cmdline]   · Transforms - default
[cmdline] · Loss                
[cmdline]   · Name           - nll
[cmdline]   · Arguments      - <none>
[cmdline]   · Regularization
[cmdline]     · l1 - none
[cmdline]     · l2 - none
[cmdline] · Criterion           
[cmdline]   · Name      - top-k
[cmdline]   · Arguments - <none>
[cmdline] · Optimizer           
[cmdline]   · Name          - sgd
[cmdline]   · Learning rate
[cmdline]     · Initial      - 0.01
[cmdline]     · Half-decay   - 5000
[cmdline]     · Update delta - 5000
[cmdline]   · Momentum      - 0.9
[cmdline]   · Dampening     - 0.0
[cmdline]   · Weight decay  - 0
[cmdline] · Attack              
[cmdline]   · Name      - nan
[cmdline]   · Arguments - <none>
[cmdline] · Aggregation         
[cmdline]   · Name      - average
[cmdline]   · Arguments - <none>
[cmdline] · Differential privacy
[cmdline]   · Enabled?       - yes
[cmdline]   · ε constant     - 0.2
[cmdline]   · δ constant     - 1e-06
[cmdline]   · l2-sensitivity - 1.0
Experiment setup...
Training...
[training] Accuracy (step 0)... 6.44%.
[training] Training... done.
[training] Accuracy (step 50)... 10.89%.
[training] Training... done.
[training] Accuracy (step 100)... 10.67%.
[training] Training... done.
[training] Accuracy (step 150)... 11.11%.
[training] Training... done.
[training] Accuracy (step 200)... 12.00%.
[training] Training... done.
[training] Accuracy (step 250)... 7.11%.
[training] Training... done.
[training] Accuracy (step 300)... 12.22%.
[training] Training... done.
[training] Accuracy (step 350)... 12.67%.
[training] Training... done.
[training] Accuracy (step 400)... 13.11%.
[training] Training... done.
[training] Accuracy (step 450)... 17.11%.
[training] Training... done.
[training] Accuracy (step 500)... 16.00%.
[training] Training... done.
[training] Accuracy (step 550)... 11.78%.
[training] Training... done.
[training] Accuracy (step 600)... 13.11%.
[training] Training... done.
[training] Accuracy (step 650)... 14.22%.
[training] Training... done.
[training] Accuracy (step 700)... 10.22%.
[training] Training... done.
[training] Accuracy (step 750)... 13.78%.
[training] Training... done.
[training] Accuracy (step 800)... 14.89%.
[training] Training... done.
[training] Accuracy (step 850)... 14.67%.
[training] Training... done.
[training] Accuracy (step 900)... 11.78%.
[training] Training... done.
[training] Accuracy (step 950)... 12.67%.
[training] Training... done.
[training] Accuracy (step 1000)... 14.67%.
[perf] Gradient computation (per worker) - 3.39 s
[perf] Noise addition (per worker)       - 2.79 s
[perf] Gradient aggregation              - 1.09 s
[perf] Model evaluation                  - 2.23 s
