Module loading...
Miscellaneous initializations...
Command-line processing...
[cmdline] Configuration
[cmdline] · Reproducibility      - enforced (seed 1)
[cmdline] · #workers             - 11
[cmdline] · #declared Byz.       - 5
[cmdline] · #actually Byz.       - 5
[cmdline] · Model               
[cmdline]   · Name      - simples-conv
[cmdline]   · Arguments - <none>
[cmdline] · Dataset             
[cmdline]   · Name       - mnist
[cmdline]   · Arguments  - <none>
[cmdline]   · Batch size
[cmdline]     · Training - 100
[cmdline]     · Testing  - 10 × 45
[cmdline]   · Transforms - default
[cmdline] · Loss                
[cmdline]   · Name           - nll
[cmdline]   · Arguments      - <none>
[cmdline]   · Regularization
[cmdline]     · l1 - none
[cmdline]     · l2 - none
[cmdline] · Criterion           
[cmdline]   · Name      - top-k
[cmdline]   · Arguments - <none>
[cmdline] · Optimizer           
[cmdline]   · Name          - sgd
[cmdline]   · Learning rate
[cmdline]     · Initial      - 0.01
[cmdline]     · Half-decay   - 5000
[cmdline]     · Update delta - 5000
[cmdline]   · Momentum      - 0.9
[cmdline]   · Dampening     - 0.0
[cmdline]   · Weight decay  - 0
[cmdline] · Attack              
[cmdline]   · Name      - little
[cmdline]   · Arguments
[cmdline]     · factor   - 1.5
[cmdline]     · negative - True
[cmdline] · Aggregation         
[cmdline]   · Name      - brute
[cmdline]   · Arguments - <none>
[cmdline] · Differential privacy
[cmdline]   · Enabled?       - no
[cmdline]   · ε constant     - n/a
[cmdline]   · δ constant     - n/a
[cmdline]   · l2-sensitivity - n/a
Experiment setup...
[setup] ========================= 431080
Training...
[training] Accuracy (step 0)... 7.56%.
[training] Training... done.
[training] Accuracy (step 50)... 60.22%.
[training] Training... done.
[training] Accuracy (step 100)... 59.11%.
[training] Training... done.
[training] Accuracy (step 150)... 70.67%.
[training] Training... done.
[training] Accuracy (step 200)... 73.11%.
[training] Training... done.
[training] Accuracy (step 250)... 69.11%.
[training] Training... done.
[training] Accuracy (step 300)... 88.67%.
[training] Training... done.
[training] Accuracy (step 350)... 85.11%.
[training] Training... done.
[training] Accuracy (step 400)... 51.56%.
[training] Training... done.
[training] Accuracy (step 450)... 71.33%.
[training] Training... done.
[training] Accuracy (step 500)... 80.22%.
[training] Training... done.
[training] Accuracy (step 550)... 87.33%.
[training] Training... done.
[training] Accuracy (step 600)... 83.33%.
[training] Training... done.
[training] Accuracy (step 650)... 91.11%.
[training] Training... done.
[training] Accuracy (step 700)... 82.67%.
[training] Training... done.
[training] Accuracy (step 750)... 90.00%.
[training] Training... done.
[training] Accuracy (step 800)... 84.00%.
[training] Training... done.
[training] Accuracy (step 850)... 84.22%.
[training] Training... done.
[training] Accuracy (step 900)... 69.33%.
[training] Training... done.
[training] Accuracy (step 950)... 74.67%.
[training] Training... done.
[training] Accuracy (step 1000)... 85.11%.
[perf] Gradient computation (per worker) - 19.7 s
[perf] Noise addition (per worker)       - 0 ns
[perf] Gradient aggregation              - 9.25 s
[perf] Model evaluation                  - 2.18 s
