Module loading...
Miscellaneous initializations...
Command-line processing...
[cmdline] Configuration
[cmdline] · Reproducibility      - enforced (seed 2)
[cmdline] · #workers             - 11
[cmdline] · #declared Byz.       - 5
[cmdline] · #actually Byz.       - 5
[cmdline] · Model               
[cmdline]   · Name      - simples-conv
[cmdline]   · Arguments - <none>
[cmdline] · Dataset             
[cmdline]   · Name       - mnist
[cmdline]   · Arguments  - <none>
[cmdline]   · Batch size
[cmdline]     · Training - 50
[cmdline]     · Testing  - 10 × 45
[cmdline]   · Transforms - default
[cmdline] · Loss                
[cmdline]   · Name           - nll
[cmdline]   · Arguments      - <none>
[cmdline]   · Regularization
[cmdline]     · l1 - none
[cmdline]     · l2 - none
[cmdline] · Criterion           
[cmdline]   · Name      - top-k
[cmdline]   · Arguments - <none>
[cmdline] · Optimizer           
[cmdline]   · Name          - sgd
[cmdline]   · Learning rate
[cmdline]     · Initial      - 0.01
[cmdline]     · Half-decay   - 5000
[cmdline]     · Update delta - 5000
[cmdline]   · Momentum      - 0.9
[cmdline]   · Dampening     - 0.0
[cmdline]   · Weight decay  - 0
[cmdline] · Attack              
[cmdline]   · Name      - little
[cmdline]   · Arguments
[cmdline]     · factor   - 1.5
[cmdline]     · negative - True
[cmdline] · Aggregation         
[cmdline]   · Name      - brute
[cmdline]   · Arguments - <none>
[cmdline] · Differential privacy
[cmdline]   · Enabled?       - yes
[cmdline]   · ε constant     - 0.2
[cmdline]   · δ constant     - 1e-06
[cmdline]   · l2-sensitivity - 0.2
Experiment setup...
[setup] ========================= 431080
Training...
[training] Accuracy (step 0)... 9.11%.
[training] Training... done.
[training] Accuracy (step 50)... 24.00%.
[training] Training... done.
[training] Accuracy (step 100)... 18.44%.
[training] Training... done.
[training] Accuracy (step 150)... 17.11%.
[training] Training... done.
[training] Accuracy (step 200)... 20.67%.
[training] Training... done.
[training] Accuracy (step 250)... 26.67%.
[training] Training... done.
[training] Accuracy (step 300)... 27.56%.
[training] Training... done.
[training] Accuracy (step 350)... 32.44%.
[training] Training... done.
[training] Accuracy (step 400)... 44.22%.
[training] Training... done.
[training] Accuracy (step 450)... 42.22%.
[training] Training... done.
[training] Accuracy (step 500)... 43.33%.
[training] Training... done.
[training] Accuracy (step 550)... 45.11%.
[training] Training... done.
[training] Accuracy (step 600)... 44.44%.
[training] Training... done.
[training] Accuracy (step 650)... 42.89%.
[training] Training... done.
[training] Accuracy (step 700)... 43.11%.
[training] Training... done.
[training] Accuracy (step 750)... 48.44%.
[training] Training... done.
[training] Accuracy (step 800)... 49.56%.
[training] Training... interrupted.
[perf] Gradient computation (per worker) - 7.23 s
[perf] Noise addition (per worker)       - 2.43 s
[perf] Gradient aggregation              - 7.85 s
[perf] Model evaluation                  - 1.78 s
