Module loading...
Miscellaneous initializations...
Command-line processing...
[cmdline] Configuration
[cmdline] · Reproducibility      - enforced (seed 2)
[cmdline] · #workers             - 11
[cmdline] · #declared Byz.       - 5
[cmdline] · #actually Byz.       - 5
[cmdline] · Model               
[cmdline]   · Name      - simples-logit
[cmdline]   · Arguments
[cmdline]     · din - 68
[cmdline] · Dataset             
[cmdline]   · Name       - svm-phishing
[cmdline]   · Arguments  - <none>
[cmdline]   · Batch size
[cmdline]     · Training - 50
[cmdline]     · Testing  - 10 × 45
[cmdline]   · Transforms - default
[cmdline] · Loss                
[cmdline]   · Name           - mse
[cmdline]   · Arguments      - <none>
[cmdline]   · Regularization
[cmdline]     · l1 - none
[cmdline]     · l2 - none
[cmdline] · Criterion           
[cmdline]   · Name      - sigmoid
[cmdline]   · Arguments - <none>
[cmdline] · Optimizer           
[cmdline]   · Name          - sgd
[cmdline]   · Learning rate
[cmdline]     · Initial      - 2.0
[cmdline]     · Half-decay   - 5000
[cmdline]     · Update delta - 5000
[cmdline]   · Momentum      - 0.99
[cmdline]   · Dampening     - 0.0
[cmdline]   · Weight decay  - 0
[cmdline] · Attack              
[cmdline]   · Name      - empire
[cmdline]   · Arguments
[cmdline]     · factor - 1.1
[cmdline] · Aggregation         
[cmdline]   · Name      - brute
[cmdline]   · Arguments - <none>
[cmdline] · Differential privacy
[cmdline]   · Enabled?       - yes
[cmdline]   · ε constant     - 0.2
[cmdline]   · δ constant     - 1e-06
[cmdline]   · l2-sensitivity - 0.0004
Experiment setup...
[setup] ========================= 69
Training...
[training] Accuracy (step 0)... 47.33%.
[training] Training... done.
[training] Accuracy (step 50)... 56.00%.
[training] Training... done.
[training] Accuracy (step 100)... 63.78%.
[training] Training... done.
[training] Accuracy (step 150)... 75.78%.
[training] Training... done.
[training] Accuracy (step 200)... 80.22%.
[training] Training... done.
[training] Accuracy (step 250)... 82.89%.
[training] Training... done.
[training] Accuracy (step 300)... 81.11%.
[training] Training... done.
[training] Accuracy (step 350)... 86.22%.
[training] Training... done.
[training] Accuracy (step 400)... 84.67%.
[training] Training... done.
[training] Accuracy (step 450)... 81.33%.
[training] Training... done.
[training] Accuracy (step 500)... 79.11%.
[training] Training... done.
[training] Accuracy (step 550)... 82.67%.
[training] Training... done.
[training] Accuracy (step 600)... 80.44%.
[training] Training... done.
[training] Accuracy (step 650)... 77.11%.
[training] Training... done.
[training] Accuracy (step 700)... 80.22%.
[training] Training... done.
[training] Accuracy (step 750)... 74.00%.
[training] Training... done.
[training] Accuracy (step 800)... 68.89%.
[training] Training... done.
[training] Accuracy (step 850)... 69.11%.
[training] Training... done.
[training] Accuracy (step 900)... 69.11%.
[training] Training... done.
[training] Accuracy (step 950)... 66.00%.
[training] Training... done.
[training] Accuracy (step 1000)... 72.89%.
[perf] Gradient computation (per worker) - 236 ms
[perf] Noise addition (per worker)       - 26.8 ms
[perf] Gradient aggregation              - 2.8 s
[perf] Model evaluation                  - 82.2 ms
