Module loading...
Miscellaneous initializations...
Command-line processing...
[cmdline] Configuration
[cmdline] · Reproducibility      - enforced (seed 1)
[cmdline] · #workers             - 11
[cmdline] · #declared Byz.       - 5
[cmdline] · #actually Byz.       - 5
[cmdline] · Model               
[cmdline]   · Name      - simples-conv
[cmdline]   · Arguments - <none>
[cmdline] · Dataset             
[cmdline]   · Name       - mnist
[cmdline]   · Arguments  - <none>
[cmdline]   · Batch size
[cmdline]     · Training - 50
[cmdline]     · Testing  - 10 × 45
[cmdline]   · Transforms - default
[cmdline] · Loss                
[cmdline]   · Name           - nll
[cmdline]   · Arguments      - <none>
[cmdline]   · Regularization
[cmdline]     · l1 - none
[cmdline]     · l2 - none
[cmdline] · Criterion           
[cmdline]   · Name      - top-k
[cmdline]   · Arguments - <none>
[cmdline] · Optimizer           
[cmdline]   · Name          - sgd
[cmdline]   · Learning rate
[cmdline]     · Initial      - 0.01
[cmdline]     · Half-decay   - 5000
[cmdline]     · Update delta - 5000
[cmdline]   · Momentum      - 0.9
[cmdline]   · Dampening     - 0.0
[cmdline]   · Weight decay  - 0
[cmdline] · Attack              
[cmdline]   · Name      - little
[cmdline]   · Arguments
[cmdline]     · factor   - 1.5
[cmdline]     · negative - True
[cmdline] · Aggregation         
[cmdline]   · Name      - brute
[cmdline]   · Arguments - <none>
[cmdline] · Differential privacy
[cmdline]   · Enabled?       - yes
[cmdline]   · ε constant     - 0.2
[cmdline]   · δ constant     - 1e-06
[cmdline]   · l2-sensitivity - 0.2
Experiment setup...
[setup] ========================= 431080
Training...
[training] Accuracy (step 0)... 7.56%.
[training] Training... done.
[training] Accuracy (step 50)... 25.33%.
[training] Training... done.
[training] Accuracy (step 100)... 22.44%.
[training] Training... done.
[training] Accuracy (step 150)... 32.22%.
[training] Training... done.
[training] Accuracy (step 200)... 24.67%.
[training] Training... done.
[training] Accuracy (step 250)... 28.00%.
[training] Training... done.
[training] Accuracy (step 300)... 24.22%.
[training] Training... done.
[training] Accuracy (step 350)... 23.33%.
[training] Training... done.
[training] Accuracy (step 400)... 31.78%.
[training] Training... done.
[training] Accuracy (step 450)... 30.22%.
[training] Training... done.
[training] Accuracy (step 500)... 37.11%.
[training] Training... done.
[training] Accuracy (step 550)... 36.22%.
[training] Training... done.
[training] Accuracy (step 600)... 45.11%.
[training] Training... done.
[training] Accuracy (step 650)... 42.44%.
[training] Training... done.
[training] Accuracy (step 700)... 44.89%.
[training] Training... done.
[training] Accuracy (step 750)... 49.56%.
[training] Training... done.
[training] Accuracy (step 800)... 39.56%.
[training] Training... done.
[training] Accuracy (step 850)... 45.56%.
[training] Training... done.
[training] Accuracy (step 900)... 51.56%.
[training] Training... done.
[training] Accuracy (step 950)... 58.67%.
[training] Training... done.
[training] Accuracy (step 1000)... 49.78%.
[perf] Gradient computation (per worker) - 8.47 s
[perf] Noise addition (per worker)       - 2.71 s
[perf] Gradient aggregation              - 8.98 s
[perf] Model evaluation                  - 2.1 s
