Module loading...
Miscellaneous initializations...
Command-line processing...
[cmdline] Configuration
[cmdline] · Reproducibility      - enforced (seed 5)
[cmdline] · #workers             - 11
[cmdline] · #declared Byz.       - 5
[cmdline] · #actually Byz.       - 0
[cmdline] · Model               
[cmdline]   · Name      - simples-logit
[cmdline]   · Arguments
[cmdline]     · din - 68
[cmdline] · Dataset             
[cmdline]   · Name       - svm-phishing
[cmdline]   · Arguments  - <none>
[cmdline]   · Batch size
[cmdline]     · Training - 100
[cmdline]     · Testing  - 10 × 45
[cmdline]   · Transforms - default
[cmdline] · Loss                
[cmdline]   · Name           - mse
[cmdline]   · Arguments      - <none>
[cmdline]   · Regularization
[cmdline]     · l1 - none
[cmdline]     · l2 - none
[cmdline] · Criterion           
[cmdline]   · Name      - sigmoid
[cmdline]   · Arguments - <none>
[cmdline] · Optimizer           
[cmdline]   · Name          - sgd
[cmdline]   · Learning rate
[cmdline]     · Initial      - 2.0
[cmdline]     · Half-decay   - 5000
[cmdline]     · Update delta - 5000
[cmdline]   · Momentum      - 0.99
[cmdline]   · Dampening     - 0.0
[cmdline]   · Weight decay  - 0
[cmdline] · Attack              
[cmdline]   · Name      - nan
[cmdline]   · Arguments - <none>
[cmdline] · Aggregation         
[cmdline]   · Name      - average
[cmdline]   · Arguments - <none>
[cmdline] · Differential privacy
[cmdline]   · Enabled?       - yes
[cmdline]   · ε constant     - 0.2
[cmdline]   · δ constant     - 1e-06
[cmdline]   · l2-sensitivity - 0.0002
Experiment setup...
[setup] ========================= 69
Training...
[training] Accuracy (step 0)... 56.67%.
[training] Training... done.
[training] Accuracy (step 50)... 92.22%.
[training] Training... done.
[training] Accuracy (step 100)... 90.89%.
[training] Training... done.
[training] Accuracy (step 150)... 90.89%.
[training] Training... done.
[training] Accuracy (step 200)... 91.78%.
[training] Training... done.
[training] Accuracy (step 250)... 91.11%.
[training] Training... done.
[training] Accuracy (step 300)... 89.33%.
[training] Training... done.
[training] Accuracy (step 350)... 91.56%.
[training] Training... done.
[training] Accuracy (step 400)... 88.44%.
[training] Training... done.
[training] Accuracy (step 450)... 91.33%.
[training] Training... done.
[training] Accuracy (step 500)... 92.44%.
[training] Training... done.
[training] Accuracy (step 550)... 91.33%.
[training] Training... done.
[training] Accuracy (step 600)... 89.56%.
[training] Training... done.
[training] Accuracy (step 650)... 92.44%.
[training] Training... done.
[training] Accuracy (step 700)... 90.67%.
[training] Training... done.
[training] Accuracy (step 750)... 93.33%.
[training] Training... done.
[training] Accuracy (step 800)... 92.89%.
[training] Training... done.
[training] Accuracy (step 850)... 91.56%.
[training] Training... done.
[training] Accuracy (step 900)... 91.78%.
[training] Training... done.
[training] Accuracy (step 950)... 91.33%.
[training] Training... done.
[training] Accuracy (step 1000)... 89.56%.
[perf] Gradient computation (per worker) - 213 ms
[perf] Noise addition (per worker)       - 22.4 ms
[perf] Gradient aggregation              - 46 ms
[perf] Model evaluation                  - 75.8 ms
