Module loading...
Miscellaneous initializations...
Command-line processing...
[cmdline] Configuration
[cmdline] · Reproducibility      - enforced (seed 1)
[cmdline] · #workers             - 11
[cmdline] · #declared Byz.       - 5
[cmdline] · #actually Byz.       - 5
[cmdline] · Model               
[cmdline]   · Name      - simples-logit
[cmdline]   · Arguments
[cmdline]     · din - 68
[cmdline] · Dataset             
[cmdline]   · Name       - svm-phishing
[cmdline]   · Arguments  - <none>
[cmdline]   · Batch size
[cmdline]     · Training - 10
[cmdline]     · Testing  - 10 × 45
[cmdline]   · Transforms - default
[cmdline] · Loss                
[cmdline]   · Name           - mse
[cmdline]   · Arguments      - <none>
[cmdline]   · Regularization
[cmdline]     · l1 - none
[cmdline]     · l2 - none
[cmdline] · Criterion           
[cmdline]   · Name      - sigmoid
[cmdline]   · Arguments - <none>
[cmdline] · Optimizer           
[cmdline]   · Name          - sgd
[cmdline]   · Learning rate
[cmdline]     · Initial      - 2.0
[cmdline]     · Half-decay   - 5000
[cmdline]     · Update delta - 5000
[cmdline]   · Momentum      - 0.99
[cmdline]   · Dampening     - 0.0
[cmdline]   · Weight decay  - 0
[cmdline] · Attack              
[cmdline]   · Name      - little
[cmdline]   · Arguments
[cmdline]     · factor   - 1.5
[cmdline]     · negative - True
[cmdline] · Aggregation         
[cmdline]   · Name      - brute
[cmdline]   · Arguments - <none>
[cmdline] · Differential privacy
[cmdline]   · Enabled?       - no
[cmdline]   · ε constant     - n/a
[cmdline]   · δ constant     - n/a
[cmdline]   · l2-sensitivity - n/a
Experiment setup...
Training...
[training] Accuracy (step 0)... 38.22%.
[training] Training... done.
[training] Accuracy (step 50)... 86.89%.
[training] Training... done.
[training] Accuracy (step 100)... 81.78%.
[training] Training... done.
[training] Accuracy (step 150)... 79.78%.
[training] Training... done.
[training] Accuracy (step 200)... 82.00%.
[training] Training... done.
[training] Accuracy (step 250)... 80.67%.
[training] Training... done.
[training] Accuracy (step 300)... 80.44%.
[training] Training... done.
[training] Accuracy (step 350)... 72.67%.
[training] Training... done.
[training] Accuracy (step 400)... 77.56%.
[training] Training... done.
[training] Accuracy (step 450)... 77.33%.
[training] Training... done.
[training] Accuracy (step 500)... 72.67%.
[training] Training... done.
[training] Accuracy (step 550)... 73.78%.
[training] Training... done.
[training] Accuracy (step 600)... 66.67%.
[training] Training... done.
[training] Accuracy (step 650)... 70.00%.
[training] Training... done.
[training] Accuracy (step 700)... 66.44%.
[training] Training... done.
[training] Accuracy (step 750)... 67.78%.
[training] Training... done.
[training] Accuracy (step 800)... 67.56%.
[training] Training... done.
[training] Accuracy (step 850)... 66.44%.
[training] Training... done.
[training] Accuracy (step 900)... 62.22%.
[training] Training... done.
[training] Accuracy (step 950)... 57.78%.
[training] Training... done.
[training] Accuracy (step 1000)... 59.78%.
[perf] Gradient computation (per worker) - 221 ms
[perf] Noise addition (per worker)       - 0 ns
[perf] Gradient aggregation              - 2.66 s
[perf] Model evaluation                  - 81.2 ms
