Module loading...
Miscellaneous initializations...
Command-line processing...
[cmdline] Configuration
[cmdline] · Reproducibility      - enforced (seed 2)
[cmdline] · #workers             - 11
[cmdline] · #declared Byz.       - 5
[cmdline] · #actually Byz.       - 0
[cmdline] · Model               
[cmdline]   · Name      - simples-logit
[cmdline]   · Arguments
[cmdline]     · din - 68
[cmdline] · Dataset             
[cmdline]   · Name       - svm-phishing
[cmdline]   · Arguments  - <none>
[cmdline]   · Batch size
[cmdline]     · Training - 10
[cmdline]     · Testing  - 10 × 45
[cmdline]   · Transforms - default
[cmdline] · Loss                
[cmdline]   · Name           - mse
[cmdline]   · Arguments      - <none>
[cmdline]   · Regularization
[cmdline]     · l1 - none
[cmdline]     · l2 - none
[cmdline] · Criterion           
[cmdline]   · Name      - sigmoid
[cmdline]   · Arguments - <none>
[cmdline] · Optimizer           
[cmdline]   · Name          - sgd
[cmdline]   · Learning rate
[cmdline]     · Initial      - 2.0
[cmdline]     · Half-decay   - 5000
[cmdline]     · Update delta - 5000
[cmdline]   · Momentum      - 0.99
[cmdline]   · Dampening     - 0.0
[cmdline]   · Weight decay  - 0
[cmdline] · Attack              
[cmdline]   · Name      - nan
[cmdline]   · Arguments - <none>
[cmdline] · Aggregation         
[cmdline]   · Name      - average
[cmdline]   · Arguments - <none>
[cmdline] · Differential privacy
[cmdline]   · Enabled?       - yes
[cmdline]   · ε constant     - 0.2
[cmdline]   · δ constant     - 1e-06
[cmdline]   · l2-sensitivity - 0.002
Experiment setup...
Training...
[training] Accuracy (step 0)... 47.33%.
[training] Training... done.
[training] Accuracy (step 50)... 56.44%.
[training] Training... done.
[training] Accuracy (step 100)... 58.89%.
[training] Training... done.
[training] Accuracy (step 150)... 67.33%.
[training] Training... done.
[training] Accuracy (step 200)... 68.89%.
[training] Training... done.
[training] Accuracy (step 250)... 56.89%.
[training] Training... done.
[training] Accuracy (step 300)... 56.22%.
[training] Training... done.
[training] Accuracy (step 350)... 62.22%.
[training] Training... done.
[training] Accuracy (step 400)... 59.33%.
[training] Training... done.
[training] Accuracy (step 450)... 55.56%.
[training] Training... done.
[training] Accuracy (step 500)... 55.33%.
[training] Training... done.
[training] Accuracy (step 550)... 54.89%.
[training] Training... done.
[training] Accuracy (step 600)... 52.22%.
[training] Training... done.
[training] Accuracy (step 650)... 52.89%.
[training] Training... done.
[training] Accuracy (step 700)... 55.33%.
[training] Training... done.
[training] Accuracy (step 750)... 54.44%.
[training] Training... done.
[training] Accuracy (step 800)... 56.22%.
[training] Training... done.
[training] Accuracy (step 850)... 56.44%.
[training] Training... done.
[training] Accuracy (step 900)... 53.78%.
[training] Training... done.
[training] Accuracy (step 950)... 50.22%.
[training] Training... done.
[training] Accuracy (step 1000)... 51.11%.
[perf] Gradient computation (per worker) - 205 ms
[perf] Noise addition (per worker)       - 22.7 ms
[perf] Gradient aggregation              - 48.3 ms
[perf] Model evaluation                  - 78 ms
