Module loading...
Miscellaneous initializations...
Command-line processing...
[cmdline] Configuration
[cmdline] · Reproducibility      - enforced (seed 3)
[cmdline] · #workers             - 11
[cmdline] · #declared Byz.       - 5
[cmdline] · #actually Byz.       - 5
[cmdline] · Model               
[cmdline]   · Name      - simples-conv
[cmdline]   · Arguments - <none>
[cmdline] · Dataset             
[cmdline]   · Name       - mnist
[cmdline]   · Arguments  - <none>
[cmdline]   · Batch size
[cmdline]     · Training - 100
[cmdline]     · Testing  - 10 × 45
[cmdline]   · Transforms - default
[cmdline] · Loss                
[cmdline]   · Name           - nll
[cmdline]   · Arguments      - <none>
[cmdline]   · Regularization
[cmdline]     · l1 - none
[cmdline]     · l2 - none
[cmdline] · Criterion           
[cmdline]   · Name      - top-k
[cmdline]   · Arguments - <none>
[cmdline] · Optimizer           
[cmdline]   · Name          - sgd
[cmdline]   · Learning rate
[cmdline]     · Initial      - 0.01
[cmdline]     · Half-decay   - 5000
[cmdline]     · Update delta - 5000
[cmdline]   · Momentum      - 0.9
[cmdline]   · Dampening     - 0.0
[cmdline]   · Weight decay  - 0
[cmdline] · Attack              
[cmdline]   · Name      - empire
[cmdline]   · Arguments
[cmdline]     · factor - 1.1
[cmdline] · Aggregation         
[cmdline]   · Name      - brute
[cmdline]   · Arguments - <none>
[cmdline] · Differential privacy
[cmdline]   · Enabled?       - no
[cmdline]   · ε constant     - n/a
[cmdline]   · δ constant     - n/a
[cmdline]   · l2-sensitivity - n/a
Experiment setup...
[setup] ========================= 431080
Training...
[training] Accuracy (step 0)... 6.44%.
[training] Training... done.
[training] Accuracy (step 50)... 26.67%.
[training] Training... done.
[training] Accuracy (step 100)... 40.22%.
[training] Training... done.
[training] Accuracy (step 150)... 64.89%.
[training] Training... done.
[training] Accuracy (step 200)... 81.11%.
[training] Training... done.
[training] Accuracy (step 250)... 88.44%.
[training] Training... done.
[training] Accuracy (step 300)... 90.44%.
[training] Training... done.
[training] Accuracy (step 350)... 91.56%.
[training] Training... done.
[training] Accuracy (step 400)... 86.44%.
[training] Training... done.
[training] Accuracy (step 450)... 88.00%.
[training] Training... done.
[training] Accuracy (step 500)... 91.78%.
[training] Training... done.
[training] Accuracy (step 550)... 93.11%.
[training] Training... done.
[training] Accuracy (step 600)... 96.22%.
[training] Training... done.
[training] Accuracy (step 650)... 92.67%.
[training] Training... done.
[training] Accuracy (step 700)... 95.56%.
[training] Training... done.
[training] Accuracy (step 750)... 97.11%.
[training] Training... done.
[training] Accuracy (step 800)... 96.89%.
[training] Training... done.
[training] Accuracy (step 850)... 97.11%.
[training] Training... done.
[training] Accuracy (step 900)... 92.89%.
[training] Training... done.
[training] Accuracy (step 950)... 98.44%.
[training] Training... done.
[training] Accuracy (step 1000)... 97.11%.
[perf] Gradient computation (per worker) - 16.1 s
[perf] Noise addition (per worker)       - 0 ns
[perf] Gradient aggregation              - 10.6 s
[perf] Model evaluation                  - 2.17 s
