Module loading...
Miscellaneous initializations...
Command-line processing...
[cmdline] Configuration
[cmdline] · Reproducibility      - enforced (seed 1)
[cmdline] · #workers             - 11
[cmdline] · #declared Byz.       - 5
[cmdline] · #actually Byz.       - 0
[cmdline] · Model               
[cmdline]   · Name      - simples-conv
[cmdline]   · Arguments - <none>
[cmdline] · Dataset             
[cmdline]   · Name       - mnist
[cmdline]   · Arguments  - <none>
[cmdline]   · Batch size
[cmdline]     · Training - 100
[cmdline]     · Testing  - 10 × 45
[cmdline]   · Transforms - default
[cmdline] · Loss                
[cmdline]   · Name           - nll
[cmdline]   · Arguments      - <none>
[cmdline]   · Regularization
[cmdline]     · l1 - none
[cmdline]     · l2 - none
[cmdline] · Criterion           
[cmdline]   · Name      - top-k
[cmdline]   · Arguments - <none>
[cmdline] · Optimizer           
[cmdline]   · Name          - sgd
[cmdline]   · Learning rate
[cmdline]     · Initial      - 0.01
[cmdline]     · Half-decay   - 5000
[cmdline]     · Update delta - 5000
[cmdline]   · Momentum      - 0.9
[cmdline]   · Dampening     - 0.0
[cmdline]   · Weight decay  - 0
[cmdline] · Attack              
[cmdline]   · Name      - nan
[cmdline]   · Arguments - <none>
[cmdline] · Aggregation         
[cmdline]   · Name      - average
[cmdline]   · Arguments - <none>
[cmdline] · Differential privacy
[cmdline]   · Enabled?       - yes
[cmdline]   · ε constant     - 0.2
[cmdline]   · δ constant     - 1e-06
[cmdline]   · l2-sensitivity - 0.1
Experiment setup...
[setup] ========================= 431080
Training...
[training] Accuracy (step 0)... 7.56%.
[training] Training... done.
[training] Accuracy (step 50)... 36.00%.
[training] Training... done.
[training] Accuracy (step 100)... 46.22%.
[training] Training... done.
[training] Accuracy (step 150)... 53.11%.
[training] Training... done.
[training] Accuracy (step 200)... 62.67%.
[training] Training... done.
[training] Accuracy (step 250)... 64.89%.
[training] Training... done.
[training] Accuracy (step 300)... 65.56%.
[training] Training... done.
[training] Accuracy (step 350)... 66.67%.
[training] Training... done.
[training] Accuracy (step 400)... 66.44%.
[training] Training... done.
[training] Accuracy (step 450)... 64.44%.
[training] Training... done.
[training] Accuracy (step 500)... 68.22%.
[training] Training... done.
[training] Accuracy (step 550)... 81.11%.
[training] Training... done.
[training] Accuracy (step 600)... 79.56%.
[training] Training... done.
[training] Accuracy (step 650)... 78.67%.
[training] Training... done.
[training] Accuracy (step 700)... 76.00%.
[training] Training... done.
[training] Accuracy (step 750)... 84.44%.
[training] Training... done.
[training] Accuracy (step 800)... 75.11%.
[training] Training... done.
[training] Accuracy (step 850)... 81.11%.
[training] Training... done.
[training] Accuracy (step 900)... 76.67%.
[training] Training... done.
[training] Accuracy (step 950)... 90.89%.
[training] Training... done.
[training] Accuracy (step 1000)... 80.67%.
[perf] Gradient computation (per worker) - 16.4 s
[perf] Noise addition (per worker)       - 3.22 s
[perf] Gradient aggregation              - 1.04 s
[perf] Model evaluation                  - 2.14 s
