Module loading...
Miscellaneous initializations...
Command-line processing...
[cmdline] Configuration
[cmdline] · Reproducibility      - enforced (seed 5)
[cmdline] · #workers             - 11
[cmdline] · #declared Byz.       - 5
[cmdline] · #actually Byz.       - 0
[cmdline] · Model               
[cmdline]   · Name      - simples-conv
[cmdline]   · Arguments - <none>
[cmdline] · Dataset             
[cmdline]   · Name       - mnist
[cmdline]   · Arguments  - <none>
[cmdline]   · Batch size
[cmdline]     · Training - 500
[cmdline]     · Testing  - 10 × 45
[cmdline]   · Transforms - default
[cmdline] · Loss                
[cmdline]   · Name           - nll
[cmdline]   · Arguments      - <none>
[cmdline]   · Regularization
[cmdline]     · l1 - none
[cmdline]     · l2 - none
[cmdline] · Criterion           
[cmdline]   · Name      - top-k
[cmdline]   · Arguments - <none>
[cmdline] · Optimizer           
[cmdline]   · Name          - sgd
[cmdline]   · Learning rate
[cmdline]     · Initial      - 0.01
[cmdline]     · Half-decay   - 5000
[cmdline]     · Update delta - 5000
[cmdline]   · Momentum      - 0.9
[cmdline]   · Dampening     - 0.0
[cmdline]   · Weight decay  - 0
[cmdline] · Attack              
[cmdline]   · Name      - nan
[cmdline]   · Arguments - <none>
[cmdline] · Aggregation         
[cmdline]   · Name      - average
[cmdline]   · Arguments - <none>
[cmdline] · Differential privacy
[cmdline]   · Enabled?       - yes
[cmdline]   · ε constant     - 0.2
[cmdline]   · δ constant     - 1e-06
[cmdline]   · l2-sensitivity - 0.02
Experiment setup...
Training...
[training] Accuracy (step 0)... 9.11%.
[training] Training... done.
[training] Accuracy (step 50)... 81.33%.
[training] Training... done.
[training] Accuracy (step 100)... 86.44%.
[training] Training... done.
[training] Accuracy (step 150)... 90.00%.
[training] Training... done.
[training] Accuracy (step 200)... 89.11%.
[training] Training... done.
[training] Accuracy (step 250)... 90.44%.
[training] Training... done.
[training] Accuracy (step 300)... 90.44%.
[training] Training... done.
[training] Accuracy (step 350)... 92.22%.
[training] Training... done.
[training] Accuracy (step 400)... 90.44%.
[training] Training... done.
[training] Accuracy (step 450)... 90.22%.
[training] Training... done.
[training] Accuracy (step 500)... 91.78%.
[training] Training... done.
[training] Accuracy (step 550)... 92.44%.
[training] Training... done.
[training] Accuracy (step 600)... 91.78%.
[training] Training... done.
[training] Accuracy (step 650)... 89.78%.
[training] Training... done.
[training] Accuracy (step 700)... 88.89%.
[training] Training... done.
[training] Accuracy (step 750)... 91.78%.
[training] Training... done.
[training] Accuracy (step 800)... 86.00%.
[training] Training... done.
[training] Accuracy (step 850)... 91.78%.
[training] Training... done.
[training] Accuracy (step 900)... 91.33%.
[training] Training... done.
[training] Accuracy (step 950)... 94.89%.
[training] Training... done.
[training] Accuracy (step 1000)... 91.56%.
[perf] Gradient computation (per worker) - 84.3 s
[perf] Noise addition (per worker)       - 3.05 s
[perf] Gradient aggregation              - 1.14 s
[perf] Model evaluation                  - 2.1 s
